Unity Editor version:    2022.3.15f1 (b58023a2b463)
Branch:                  2022.3/staging
Build type:              Release
Batch mode:              YES
macOS version:           Version 12.3 (Build 21E230)
Darwin version:          21.4.0
Architecture:            x86_64
Running under Rosetta:   NO
Available memory:        16384 MB
Using pre-set license
Pro License: YES

COMMAND LINE ARGUMENTS:
/Applications/Unity/Hub/Editor/2022.3.15f1/Unity.app/Contents/MacOS/Unity
-adb2
-batchMode
-noUpm
-name
AssetImportWorker4
-projectPath
/Users/meghanpatnode/Documents/GitHub/GES-FinalProject/GES-Final/GES-Final
-logFile
Logs/AssetImportWorker4.log
-srvPort
50798
Successfully changed project path to: /Users/meghanpatnode/Documents/GitHub/GES-FinalProject/GES-Final/GES-Final
/Users/meghanpatnode/Documents/GitHub/GES-FinalProject/GES-Final/GES-Final
[UnityMemory] Configuration Parameters - Can be set up in boot.config
    "memorysetup-bucket-allocator-granularity=16"
    "memorysetup-bucket-allocator-bucket-count=8"
    "memorysetup-bucket-allocator-block-size=33554432"
    "memorysetup-bucket-allocator-block-count=8"
    "memorysetup-main-allocator-block-size=16777216"
    "memorysetup-thread-allocator-block-size=16777216"
    "memorysetup-gfx-main-allocator-block-size=16777216"
    "memorysetup-gfx-thread-allocator-block-size=16777216"
    "memorysetup-cache-allocator-block-size=4194304"
    "memorysetup-typetree-allocator-block-size=2097152"
    "memorysetup-profiler-bucket-allocator-granularity=16"
    "memorysetup-profiler-bucket-allocator-bucket-count=8"
    "memorysetup-profiler-bucket-allocator-block-size=33554432"
    "memorysetup-profiler-bucket-allocator-block-count=8"
    "memorysetup-profiler-allocator-block-size=16777216"
    "memorysetup-profiler-editor-allocator-block-size=1048576"
    "memorysetup-temp-allocator-size-main=16777216"
    "memorysetup-job-temp-allocator-block-size=2097152"
    "memorysetup-job-temp-allocator-block-size-background=1048576"
    "memorysetup-job-temp-allocator-reduction-small-platforms=262144"
    "memorysetup-allocator-temp-initial-block-size-main=262144"
    "memorysetup-allocator-temp-initial-block-size-worker=262144"
    "memorysetup-temp-allocator-size-background-worker=32768"
    "memorysetup-temp-allocator-size-job-worker=262144"
    "memorysetup-temp-allocator-size-preload-manager=33554432"
    "memorysetup-temp-allocator-size-nav-mesh-worker=65536"
    "memorysetup-temp-allocator-size-audio-worker=65536"
    "memorysetup-temp-allocator-size-cloud-worker=32768"
    "memorysetup-temp-allocator-size-gi-baking-worker=262144"
    "memorysetup-temp-allocator-size-gfx=262144"
Player connection [4648957440] Host "[IP] 10.6.152.116 [Port] 0 [Flags] 2 [Guid] 3351192926 [EditorId] 3351192926 [Version] 1048832 [Id] OSXEditor(0,Meghans-MacBook-Pro.local) [Debug] 1 [PackageName] OSXEditor [ProjectName] Editor" joined multi-casting on [225.0.0.222:54997]...

Player connection [4648957440] Host "[IP] 10.6.152.116 [Port] 0 [Flags] 2 [Guid] 3351192926 [EditorId] 3351192926 [Version] 1048832 [Id] OSXEditor(0,Meghans-MacBook-Pro.local) [Debug] 1 [PackageName] OSXEditor [ProjectName] Editor" joined alternative multi-casting on [225.0.0.222:34997]...

[Physics::Module] Initialized MultithreadedJobDispatcher with 11 workers.
Refreshing native plugins compatible for Editor in 18.43 ms, found 2 plugins.
Preloading 0 native plugins for Editor in 0.00 ms.
Initialize engine version: 2022.3.15f1 (b58023a2b463)
[Subsystems] Discovering subsystems at path /Applications/Unity/Hub/Editor/2022.3.15f1/Unity.app/Contents/Resources/UnitySubsystems
[Subsystems] Discovering subsystems at path /Users/meghanpatnode/Documents/GitHub/GES-FinalProject/GES-Final/GES-Final/Assets
GfxDevice: creating device client; threaded=0; jobified=0
Color LCD preferred device: Intel(R) UHD Graphics 630 (low power)
Metal devices available: 2
0: AMD Radeon Pro 5300M (high power)
1: Intel(R) UHD Graphics 630 (low power)
Using device AMD Radeon Pro 5300M (high power)
Initializing Metal device caps: AMD Radeon Pro 5300M
Initialize mono
Mono path[0] = '/Applications/Unity/Hub/Editor/2022.3.15f1/Unity.app/Contents/Managed'
Mono path[1] = '/Applications/Unity/Hub/Editor/2022.3.15f1/Unity.app/Contents/MonoBleedingEdge/lib/mono/unityjit-macos'
Mono config path = '/Applications/Unity/Hub/Editor/2022.3.15f1/Unity.app/Contents/MonoBleedingEdge/etc'
Using monoOptions --debugger-agent=transport=dt_socket,embedding=1,server=y,suspend=n,address=127.0.0.1:56762
Begin MonoManager ReloadAssembly
Registering precompiled unity dll's ...
Register platform support module: /Applications/Unity/Hub/Editor/2022.3.15f1/PlaybackEngines/WebGLSupport/UnityEditor.WebGL.Extensions.dll
Register platform support module: /Applications/Unity/Hub/Editor/2022.3.15f1/Unity.app/Contents/PlaybackEngines/MacStandaloneSupport/UnityEditor.OSXStandalone.Extensions.dll
Registered in 0.006778 seconds.
- Loaded All Assemblies, in  0.676 seconds
Native extension for OSXStandalone target not found
Native extension for WebGL target not found
Mono: successfully reloaded assembly
- Finished resetting the current domain, in  0.509 seconds
Domain Reload Profiling: 1185ms
	BeginReloadAssembly (199ms)
		ExecutionOrderSort (0ms)
		DisableScriptedObjects (0ms)
		BackupInstance (0ms)
		ReleaseScriptingObjects (0ms)
		CreateAndSetChildDomain (1ms)
	RebuildCommonClasses (76ms)
	RebuildNativeTypeToScriptingClass (23ms)
	initialDomainReloadingComplete (96ms)
	LoadAllAssembliesAndSetupDomain (281ms)
		LoadAssemblies (201ms)
		RebuildTransferFunctionScriptingTraits (0ms)
		AnalyzeDomain (276ms)
			TypeCache.Refresh (273ms)
				TypeCache.ScanAssembly (249ms)
			ScanForSourceGeneratedMonoScriptInfo (1ms)
			ResolveRequiredComponents (1ms)
	FinalizeReload (510ms)
		ReleaseScriptCaches (0ms)
		RebuildScriptCaches (0ms)
		SetupLoadedEditorAssemblies (396ms)
			LogAssemblyErrors (0ms)
			InitializePlatformSupportModulesInManaged (14ms)
			SetLoadedEditorAssemblies (10ms)
			RefreshPlugins (0ms)
			BeforeProcessingInitializeOnLoad (4ms)
			ProcessInitializeOnLoadAttributes (284ms)
			ProcessInitializeOnLoadMethodAttributes (84ms)
			AfterProcessingInitializeOnLoad (0ms)
			EditorAssembliesLoaded (0ms)
		ExecutionOrderSort2 (0ms)
		AwakeInstancesAfterBackupRestoration (0ms)
========================================================================
Worker process is ready to serve import requests
Begin MonoManager ReloadAssembly
- Loaded All Assemblies, in  1.192 seconds
Refreshing native plugins compatible for Editor in 1.92 ms, found 2 plugins.
Native extension for OSXStandalone target not found
Native extension for WebGL target not found
Package Manager log level set to [2]
[Package Manager] Server::EnsureServerProcessIsRunning -- launch failed, reason: Unity was launched with the -noUpm command-line argument
[Package Manager] UpmClient::Send -- Unable to send message (not connected to UPM process).
[Package Manager] Cannot connect to Unity Package Manager local server
Mono: successfully reloaded assembly
- Finished resetting the current domain, in  1.210 seconds
Domain Reload Profiling: 2403ms
	BeginReloadAssembly (223ms)
		ExecutionOrderSort (0ms)
		DisableScriptedObjects (10ms)
		BackupInstance (0ms)
		ReleaseScriptingObjects (0ms)
		CreateAndSetChildDomain (49ms)
	RebuildCommonClasses (71ms)
	RebuildNativeTypeToScriptingClass (23ms)
	initialDomainReloadingComplete (68ms)
	LoadAllAssembliesAndSetupDomain (807ms)
		LoadAssemblies (513ms)
		RebuildTransferFunctionScriptingTraits (0ms)
		AnalyzeDomain (396ms)
			TypeCache.Refresh (346ms)
				TypeCache.ScanAssembly (322ms)
			ScanForSourceGeneratedMonoScriptInfo (34ms)
			ResolveRequiredComponents (12ms)
	FinalizeReload (1211ms)
		ReleaseScriptCaches (0ms)
		RebuildScriptCaches (0ms)
		SetupLoadedEditorAssemblies (896ms)
			LogAssemblyErrors (0ms)
			InitializePlatformSupportModulesInManaged (9ms)
			SetLoadedEditorAssemblies (7ms)
			RefreshPlugins (0ms)
			BeforeProcessingInitializeOnLoad (95ms)
			ProcessInitializeOnLoadAttributes (750ms)
			ProcessInitializeOnLoadMethodAttributes (33ms)
			AfterProcessingInitializeOnLoad (1ms)
			EditorAssembliesLoaded (0ms)
		ExecutionOrderSort2 (0ms)
		AwakeInstancesAfterBackupRestoration (6ms)
Launching external process: /Applications/Unity/Hub/Editor/2022.3.15f1/Unity.app/Contents/Tools/UnityShaderCompiler
Launched and connected shader compiler UnityShaderCompiler after 0.09 seconds
Refreshing native plugins compatible for Editor in 1.81 ms, found 2 plugins.
Preloading 0 native plugins for Editor in 0.00 ms.
Unloading 4063 Unused Serialized files (Serialized files now loaded: 0)
Unloading 60 unused Assets / (212.0 KB). Loaded Objects now: 4525.
Memory consumption went from 282.4 MB to 282.2 MB.
Total: 5.212814 ms (FindLiveObjects: 0.349696 ms CreateObjectMapping: 0.290678 ms MarkObjects: 4.327251 ms  DeleteObjects: 0.244019 ms)

AssetImportParameters requested are different than current active one (requested -> active):
  custom:container-demuxer-ogg: 62fdf1f143b41e24485cea50d1cbac27 -> 
  custom:video-decoder-ogg-theora: a1e56fd34408186e4bbccfd4996cb3dc -> 
  custom:CustomObjectIndexerAttribute: 43b350a4d6e6d1791af0b5038c4bea17 -> 
  custom:container-demuxer-webm: 4f35f7cbe854078d1ac9338744f61a02 -> 
  custom:container-muxer-webm: aa71ff27fc2769a1b78a27578f13a17b -> 
  custom:video-decoder-webm-vp8: 9c59270c3fd7afecdb556c50c9e8de78 -> 
  custom:SearchIndexIgnoredProperties: e643bd26f0fe6173181afceb89e7c659 -> 
  custom:AudioImporter_EditorPlatform: 3918e3fc78b5a79bad01e8451be0beb8 -> 
  custom:framework-osx-AVFoundation: e770b220cccbd017edd2c1fefb359320 -> 
  custom:video-encoder-webm-vp8: eb34c28f22e8b96e1ab97ce403110664 -> 
  custom:audio-decoder-ogg-vorbis: bf7c407c2cedff20999df2af8eb42d56 -> 
  custom:audio-encoder-webm-vorbis: bf7c407c2cedff20999df2af8eb42d56 -> 
========================================================================
Received Import Request.
  Time since last request: 32209.171323 seconds.
  path: Assets/ImportedKayKitAssets/KayKit_DungeonRemastered_1.0_FREE/Assets/obj/bottle_C_brown.obj
  artifactKey: Guid(f4ce4fd0ab7c64923bbcb9ea9552d9bb) Importer(815301076,1909f56bfc062723c751e8b465ee728b)
Start importing Assets/ImportedKayKitAssets/KayKit_DungeonRemastered_1.0_FREE/Assets/obj/bottle_C_brown.obj using Guid(f4ce4fd0ab7c64923bbcb9ea9552d9bb) Importer(815301076,1909f56bfc062723c751e8b465ee728b)  -> (artifact id: '770cfdabc3516a35a55467df40a67eb7') in 0.248139 seconds
Number of updated asset objects reloaded before import = 0
Number of asset objects unloaded after import = 11
========================================================================
Received Import Request.
  Time since last request: 8.573758 seconds.
  path: Assets/ImportedKayKitAssets/KayKit_DungeonRemastered_1.0_FREE/Assets/obj/box_stacked.obj
  artifactKey: Guid(fca9b3f299ed64a6f8db395ec1d34082) Importer(815301076,1909f56bfc062723c751e8b465ee728b)
Start importing Assets/ImportedKayKitAssets/KayKit_DungeonRemastered_1.0_FREE/Assets/obj/box_stacked.obj using Guid(fca9b3f299ed64a6f8db395ec1d34082) Importer(815301076,1909f56bfc062723c751e8b465ee728b)  -> (artifact id: 'a0618e913a45b13a01416316aa1ba2b8') in 0.036864 seconds
Number of updated asset objects reloaded before import = 0
Number of asset objects unloaded after import = 11
========================================================================
Received Import Request.
  Time since last request: 0.464637 seconds.
  path: Assets/ImportedKayKitAssets/KayKit_DungeonRemastered_1.0_FREE/Assets/obj/candle.obj
  artifactKey: Guid(d0a1f3143e291431baf8be4d8f4fb760) Importer(815301076,1909f56bfc062723c751e8b465ee728b)
Start importing Assets/ImportedKayKitAssets/KayKit_DungeonRemastered_1.0_FREE/Assets/obj/candle.obj using Guid(d0a1f3143e291431baf8be4d8f4fb760) Importer(815301076,1909f56bfc062723c751e8b465ee728b)  -> (artifact id: 'b7831ba0861cc9a9888251c7e10566b5') in 0.035056 seconds
Number of updated asset objects reloaded before import = 0
Number of asset objects unloaded after import = 11
========================================================================
Received Import Request.
  Time since last request: 0.000061 seconds.
  path: Assets/ImportedKayKitAssets/KayKit_DungeonRemastered_1.0_FREE/Assets/obj/candle_thin.obj
  artifactKey: Guid(f09ef56cceb074af5b4258c36fe5b861) Importer(815301076,1909f56bfc062723c751e8b465ee728b)
Start importing Assets/ImportedKayKitAssets/KayKit_DungeonRemastered_1.0_FREE/Assets/obj/candle_thin.obj using Guid(f09ef56cceb074af5b4258c36fe5b861) Importer(815301076,1909f56bfc062723c751e8b465ee728b)  -> (artifact id: '1b8f3180556fe9599845d93dbe5db70b') in 0.043390 seconds
Number of updated asset objects reloaded before import = 0
Number of asset objects unloaded after import = 11
========================================================================
Received Import Request.
  Time since last request: 6.290369 seconds.
  path: Assets/ImportedKayKitAssets/KayKit_DungeonRemastered_1.0_FREE/Assets/obj/chair.obj
  artifactKey: Guid(baf5e9f9389c94fd694b7383da588975) Importer(815301076,1909f56bfc062723c751e8b465ee728b)
Start importing Assets/ImportedKayKitAssets/KayKit_DungeonRemastered_1.0_FREE/Assets/obj/chair.obj using Guid(baf5e9f9389c94fd694b7383da588975) Importer(815301076,1909f56bfc062723c751e8b465ee728b)  -> (artifact id: '62fe81b8d43b440ca057bc49b1e36c25') in 0.038579 seconds
Number of updated asset objects reloaded before import = 0
Number of asset objects unloaded after import = 11
========================================================================
Received Import Request.
  Time since last request: 0.000206 seconds.
  path: Assets/ImportedKayKitAssets/KayKit_DungeonRemastered_1.0_FREE/Assets/obj/column.obj
  artifactKey: Guid(8269aa6947ada4cf8b9e988e16166a05) Importer(815301076,1909f56bfc062723c751e8b465ee728b)
Start importing Assets/ImportedKayKitAssets/KayKit_DungeonRemastered_1.0_FREE/Assets/obj/column.obj using Guid(8269aa6947ada4cf8b9e988e16166a05) Importer(815301076,1909f56bfc062723c751e8b465ee728b)  -> (artifact id: '497181be1a58ccd1676789ba990d029f') in 0.038860 seconds
Number of updated asset objects reloaded before import = 0
Number of asset objects unloaded after import = 11
========================================================================
Received Import Request.
  Time since last request: 0.000573 seconds.
  path: Assets/ImportedKayKitAssets/KayKit_DungeonRemastered_1.0_FREE/Assets/obj/crates_stacked.obj
  artifactKey: Guid(fa64478e2801e406daad8a7d1f7b3576) Importer(815301076,1909f56bfc062723c751e8b465ee728b)
Start importing Assets/ImportedKayKitAssets/KayKit_DungeonRemastered_1.0_FREE/Assets/obj/crates_stacked.obj using Guid(fa64478e2801e406daad8a7d1f7b3576) Importer(815301076,1909f56bfc062723c751e8b465ee728b)  -> (artifact id: '41e5d88d7b8ff420e54c999b9f6c0d27') in 0.036217 seconds
Number of updated asset objects reloaded before import = 0
Number of asset objects unloaded after import = 11
========================================================================
Received Import Request.
  Time since last request: 0.000080 seconds.
  path: Assets/ImportedKayKitAssets/KayKit_DungeonRemastered_1.0_FREE/Assets/obj/coin.obj
  artifactKey: Guid(77329ab326bda4758abcd248b14408a3) Importer(815301076,1909f56bfc062723c751e8b465ee728b)
Start importing Assets/ImportedKayKitAssets/KayKit_DungeonRemastered_1.0_FREE/Assets/obj/coin.obj using Guid(77329ab326bda4758abcd248b14408a3) Importer(815301076,1909f56bfc062723c751e8b465ee728b)  -> (artifact id: '4b3408f537290970ae9c21faf8ecfe35') in 0.034803 seconds
Number of updated asset objects reloaded before import = 0
Number of asset objects unloaded after import = 11
========================================================================
Received Import Request.
  Time since last request: 0.545510 seconds.
  path: Assets/ImportedKayKitAssets/KayKit_DungeonRemastered_1.0_FREE/Assets/obj/floor_dirt_large.obj
  artifactKey: Guid(ceb2aac494df94188b8cb8b7cb4aa64a) Importer(815301076,1909f56bfc062723c751e8b465ee728b)
Start importing Assets/ImportedKayKitAssets/KayKit_DungeonRemastered_1.0_FREE/Assets/obj/floor_dirt_large.obj using Guid(ceb2aac494df94188b8cb8b7cb4aa64a) Importer(815301076,1909f56bfc062723c751e8b465ee728b)  -> (artifact id: 'df502fb797f72530de5d71f9ac66ea7a') in 0.032137 seconds
Number of updated asset objects reloaded before import = 0
Number of asset objects unloaded after import = 11
========================================================================
Received Import Request.
  Time since last request: 0.000066 seconds.
  path: Assets/ImportedKayKitAssets/KayKit_DungeonRemastered_1.0_FREE/Assets/obj/floor_dirt_small_B.obj
  artifactKey: Guid(01e039ae233e54aabad01aed08f85438) Importer(815301076,1909f56bfc062723c751e8b465ee728b)
Start importing Assets/ImportedKayKitAssets/KayKit_DungeonRemastered_1.0_FREE/Assets/obj/floor_dirt_small_B.obj using Guid(01e039ae233e54aabad01aed08f85438) Importer(815301076,1909f56bfc062723c751e8b465ee728b)  -> (artifact id: 'd5982f8125f974eed57ce31cddbdbf17') in 0.038561 seconds
Number of updated asset objects reloaded before import = 0
Number of asset objects unloaded after import = 11
========================================================================
Received Import Request.
  Time since last request: 1.512564 seconds.
  path: Assets/ImportedKayKitAssets/KayKit_DungeonRemastered_1.0_FREE/Assets/obj/floor_dirt_small_D.obj
  artifactKey: Guid(d206c32e634e741b990d8c1d24b15fd3) Importer(815301076,1909f56bfc062723c751e8b465ee728b)
Start importing Assets/ImportedKayKitAssets/KayKit_DungeonRemastered_1.0_FREE/Assets/obj/floor_dirt_small_D.obj using Guid(d206c32e634e741b990d8c1d24b15fd3) Importer(815301076,1909f56bfc062723c751e8b465ee728b)  -> (artifact id: 'ed8bb93f4db631f0d9aa2a26c4439dbc') in 0.032449 seconds
Number of updated asset objects reloaded before import = 0
Number of asset objects unloaded after import = 11
========================================================================
Received Import Request.
  Time since last request: 0.000077 seconds.
  path: Assets/ImportedKayKitAssets/KayKit_DungeonRemastered_1.0_FREE/Assets/obj/floor_foundation_diagonal_corner.obj
  artifactKey: Guid(c17da067c1c8840f187842b009b88169) Importer(815301076,1909f56bfc062723c751e8b465ee728b)
Start importing Assets/ImportedKayKitAssets/KayKit_DungeonRemastered_1.0_FREE/Assets/obj/floor_foundation_diagonal_corner.obj using Guid(c17da067c1c8840f187842b009b88169) Importer(815301076,1909f56bfc062723c751e8b465ee728b)  -> (artifact id: 'd643794d341fd5913d13a8e4f0d42276') in 0.045439 seconds
Number of updated asset objects reloaded before import = 0
Number of asset objects unloaded after import = 11
========================================================================
Received Import Request.
  Time since last request: 0.565183 seconds.
  path: Assets/ImportedKayKitAssets/KayKit_DungeonRemastered_1.0_FREE/Assets/obj/floor_foundation_front_and_back.obj
  artifactKey: Guid(68b75956be97045eabd675d078d9627d) Importer(815301076,1909f56bfc062723c751e8b465ee728b)
Start importing Assets/ImportedKayKitAssets/KayKit_DungeonRemastered_1.0_FREE/Assets/obj/floor_foundation_front_and_back.obj using Guid(68b75956be97045eabd675d078d9627d) Importer(815301076,1909f56bfc062723c751e8b465ee728b)  -> (artifact id: '7722800f391372a8de0131bbf0737d0b') in 0.034131 seconds
Number of updated asset objects reloaded before import = 0
Number of asset objects unloaded after import = 11
========================================================================
Received Import Request.
  Time since last request: 0.000086 seconds.
  path: Assets/ImportedKayKitAssets/KayKit_DungeonRemastered_1.0_FREE/Assets/obj/floor_tile_extralarge_grates.obj
  artifactKey: Guid(58c85675784c1472bb175396c873a4f8) Importer(815301076,1909f56bfc062723c751e8b465ee728b)
Start importing Assets/ImportedKayKitAssets/KayKit_DungeonRemastered_1.0_FREE/Assets/obj/floor_tile_extralarge_grates.obj using Guid(58c85675784c1472bb175396c873a4f8) Importer(815301076,1909f56bfc062723c751e8b465ee728b)  -> (artifact id: '3f369cca462d9fe25759577df31eab10') in 0.040426 seconds
Number of updated asset objects reloaded before import = 0
Number of asset objects unloaded after import = 11
========================================================================
Received Import Request.
  Time since last request: 0.823838 seconds.
  path: Assets/ImportedKayKitAssets/KayKit_DungeonRemastered_1.0_FREE/Assets/obj/floor_tile_extralarge_grates_open.obj
  artifactKey: Guid(9c42d9d32e191425a8e4e4f3ddf5cf7c) Importer(815301076,1909f56bfc062723c751e8b465ee728b)
Start importing Assets/ImportedKayKitAssets/KayKit_DungeonRemastered_1.0_FREE/Assets/obj/floor_tile_extralarge_grates_open.obj using Guid(9c42d9d32e191425a8e4e4f3ddf5cf7c) Importer(815301076,1909f56bfc062723c751e8b465ee728b)  -> (artifact id: '9a7cba431f91558e3f9cd70ebc0d8c8a') in 0.034330 seconds
Number of updated asset objects reloaded before import = 0
Number of asset objects unloaded after import = 11
========================================================================
Received Import Request.
  Time since last request: 0.000071 seconds.
  path: Assets/ImportedKayKitAssets/KayKit_DungeonRemastered_1.0_FREE/Assets/obj/floor_tile_small.obj
  artifactKey: Guid(9536312919dc444f28632d022da6b53c) Importer(815301076,1909f56bfc062723c751e8b465ee728b)
Start importing Assets/ImportedKayKitAssets/KayKit_DungeonRemastered_1.0_FREE/Assets/obj/floor_tile_small.obj using Guid(9536312919dc444f28632d022da6b53c) Importer(815301076,1909f56bfc062723c751e8b465ee728b)  -> (artifact id: '7333c76735634fabb2cb14659610b87f') in 0.036300 seconds
Number of updated asset objects reloaded before import = 0
Number of asset objects unloaded after import = 11
========================================================================
Received Import Request.
  Time since last request: 8.894582 seconds.
  path: Assets/ImportedKayKitAssets/KayKit_DungeonRemastered_1.0_FREE/Assets/obj/floor_tile_small_broken_A.obj
  artifactKey: Guid(0c160113c2a484fc19d1b5e457ddcab5) Importer(815301076,1909f56bfc062723c751e8b465ee728b)
Start importing Assets/ImportedKayKitAssets/KayKit_DungeonRemastered_1.0_FREE/Assets/obj/floor_tile_small_broken_A.obj using Guid(0c160113c2a484fc19d1b5e457ddcab5) Importer(815301076,1909f56bfc062723c751e8b465ee728b)  -> (artifact id: '33465ad380a7b5f46b30f9f2977a22f4') in 0.036626 seconds
Number of updated asset objects reloaded before import = 0
Number of asset objects unloaded after import = 11
========================================================================
Received Import Request.
  Time since last request: 0.000271 seconds.
  path: Assets/ImportedKayKitAssets/KayKit_DungeonRemastered_1.0_FREE/Assets/obj/floor_tile_small_decorated.obj
  artifactKey: Guid(1910506fad3864ebfb96b71cf1b7bf53) Importer(815301076,1909f56bfc062723c751e8b465ee728b)
Start importing Assets/ImportedKayKitAssets/KayKit_DungeonRemastered_1.0_FREE/Assets/obj/floor_tile_small_decorated.obj using Guid(1910506fad3864ebfb96b71cf1b7bf53) Importer(815301076,1909f56bfc062723c751e8b465ee728b)  -> (artifact id: 'dc7519f933c39c7803eaa1d0c64cd9a4') in 0.041380 seconds
Number of updated asset objects reloaded before import = 0
Number of asset objects unloaded after import = 11
========================================================================
Received Import Request.
  Time since last request: 2.260076 seconds.
  path: Assets/ImportedKayKitAssets/KayKit_DungeonRemastered_1.0_FREE/Assets/obj/floor_tile_big_grate.mtl
  artifactKey: Guid(0f6010a88bdd24828999ce29115f3163) Importer(815301076,1909f56bfc062723c751e8b465ee728b)
Start importing Assets/ImportedKayKitAssets/KayKit_DungeonRemastered_1.0_FREE/Assets/obj/floor_tile_big_grate.mtl using Guid(0f6010a88bdd24828999ce29115f3163) Importer(815301076,1909f56bfc062723c751e8b465ee728b)  -> (artifact id: 'bb41f4a405854f5723b2e073734749e8') in 0.001129 seconds
Number of updated asset objects reloaded before import = 0
Number of asset objects unloaded after import = 1
========================================================================
Received Import Request.
  Time since last request: 5.041940 seconds.
  path: Assets/ImportedKayKitAssets/KayKit_DungeonRemastered_1.0_FREE/Assets/obj/floor_wood_large.obj
  artifactKey: Guid(1770b5c592ab24c44bca51e3c7474aa8) Importer(815301076,1909f56bfc062723c751e8b465ee728b)
Start importing Assets/ImportedKayKitAssets/KayKit_DungeonRemastered_1.0_FREE/Assets/obj/floor_wood_large.obj using Guid(1770b5c592ab24c44bca51e3c7474aa8) Importer(815301076,1909f56bfc062723c751e8b465ee728b)  -> (artifact id: 'f00ad6d0734c455f9703be5917c8b3d9') in 0.035797 seconds
Number of updated asset objects reloaded before import = 0
Number of asset objects unloaded after import = 11
========================================================================
Received Import Request.
  Time since last request: 12.967696 seconds.
  path: Assets/ImportedKayKitAssets/KayKit_DungeonRemastered_1.0_FREE/Assets/obj/floor_wood_small.obj
  artifactKey: Guid(8710adda63b0941798fe4d4ec9b9ea6b) Importer(815301076,1909f56bfc062723c751e8b465ee728b)
Start importing Assets/ImportedKayKitAssets/KayKit_DungeonRemastered_1.0_FREE/Assets/obj/floor_wood_small.obj using Guid(8710adda63b0941798fe4d4ec9b9ea6b) Importer(815301076,1909f56bfc062723c751e8b465ee728b)  -> (artifact id: 'e462d714cbef029bd67e1c150c8aa5a9') in 0.036027 seconds
Number of updated asset objects reloaded before import = 0
Number of asset objects unloaded after import = 11
========================================================================
Received Import Request.
  Time since last request: 0.605699 seconds.
  path: Assets/ImportedKayKitAssets/KayKit_DungeonRemastered_1.0_FREE/Assets/obj/key.obj
  artifactKey: Guid(2f16360f9a898495f9ab15b04a47febf) Importer(815301076,1909f56bfc062723c751e8b465ee728b)
Start importing Assets/ImportedKayKitAssets/KayKit_DungeonRemastered_1.0_FREE/Assets/obj/key.obj using Guid(2f16360f9a898495f9ab15b04a47febf) Importer(815301076,1909f56bfc062723c751e8b465ee728b)  -> (artifact id: 'f1ca9b6df7a9ca9a33def877258994be') in 0.036041 seconds
Number of updated asset objects reloaded before import = 0
Number of asset objects unloaded after import = 11
========================================================================
Received Import Request.
  Time since last request: 0.000096 seconds.
  path: Assets/ImportedKayKitAssets/KayKit_DungeonRemastered_1.0_FREE/Assets/obj/plate.obj
  artifactKey: Guid(e35221ad148e0421b93456406d338fd6) Importer(815301076,1909f56bfc062723c751e8b465ee728b)
Start importing Assets/ImportedKayKitAssets/KayKit_DungeonRemastered_1.0_FREE/Assets/obj/plate.obj using Guid(e35221ad148e0421b93456406d338fd6) Importer(815301076,1909f56bfc062723c751e8b465ee728b)  -> (artifact id: '30045c5883bace22f77bed94abe38945') in 0.041163 seconds
Number of updated asset objects reloaded before import = 0
Number of asset objects unloaded after import = 11
========================================================================
Received Import Request.
  Time since last request: 0.018874 seconds.
  path: Assets/ImportedKayKitAssets/KayKit_DungeonRemastered_1.0_FREE/Assets/obj/plate_food_A.obj
  artifactKey: Guid(aa98de1222d264aed81b27396e7114b3) Importer(815301076,1909f56bfc062723c751e8b465ee728b)
Start importing Assets/ImportedKayKitAssets/KayKit_DungeonRemastered_1.0_FREE/Assets/obj/plate_food_A.obj using Guid(aa98de1222d264aed81b27396e7114b3) Importer(815301076,1909f56bfc062723c751e8b465ee728b)  -> (artifact id: '4526b3ee281686ebbc53484678d8ca88') in 0.045314 seconds
Number of updated asset objects reloaded before import = 0
Number of asset objects unloaded after import = 11
========================================================================
Received Import Request.
  Time since last request: 0.000056 seconds.
  path: Assets/ImportedKayKitAssets/KayKit_DungeonRemastered_1.0_FREE/Assets/obj/rubble_large.obj
  artifactKey: Guid(e2f36d2ed70fb455bb7c81d1c64f6f56) Importer(815301076,1909f56bfc062723c751e8b465ee728b)
Start importing Assets/ImportedKayKitAssets/KayKit_DungeonRemastered_1.0_FREE/Assets/obj/rubble_large.obj using Guid(e2f36d2ed70fb455bb7c81d1c64f6f56) Importer(815301076,1909f56bfc062723c751e8b465ee728b)  -> (artifact id: 'fb59aa23ea1ad1d52cf63644f7395aa1') in 0.043370 seconds
Number of updated asset objects reloaded before import = 0
Number of asset objects unloaded after import = 11
========================================================================
Received Import Request.
  Time since last request: 3.484773 seconds.
  path: Assets/ImportedKayKitAssets/KayKit_DungeonRemastered_1.0_FREE/Assets/obj/shelf_large.obj
  artifactKey: Guid(a0725b9888c6d43c88756fc4dca91f05) Importer(815301076,1909f56bfc062723c751e8b465ee728b)
Start importing Assets/ImportedKayKitAssets/KayKit_DungeonRemastered_1.0_FREE/Assets/obj/shelf_large.obj using Guid(a0725b9888c6d43c88756fc4dca91f05) Importer(815301076,1909f56bfc062723c751e8b465ee728b)  -> (artifact id: '7cc375b4962b4ad7ca710e7ca489bbd1') in 0.029647 seconds
Number of updated asset objects reloaded before import = 0
Number of asset objects unloaded after import = 11
========================================================================
Received Import Request.
  Time since last request: 0.000195 seconds.
  path: Assets/ImportedKayKitAssets/KayKit_DungeonRemastered_1.0_FREE/Assets/obj/stairs.obj
  artifactKey: Guid(0073401884de84a23a03f698d9c19095) Importer(815301076,1909f56bfc062723c751e8b465ee728b)
Start importing Assets/ImportedKayKitAssets/KayKit_DungeonRemastered_1.0_FREE/Assets/obj/stairs.obj using Guid(0073401884de84a23a03f698d9c19095) Importer(815301076,1909f56bfc062723c751e8b465ee728b)  -> (artifact id: '0207dcb9cb553fe82ec8086300919fae') in 0.037250 seconds
Number of updated asset objects reloaded before import = 0
Number of asset objects unloaded after import = 11
========================================================================
Received Import Request.
  Time since last request: 0.074443 seconds.
  path: Assets/ImportedKayKitAssets/KayKit_DungeonRemastered_1.0_FREE/Assets/obj/stairs_narrow.obj
  artifactKey: Guid(d2b346701299948b79922ce5a4f92a95) Importer(815301076,1909f56bfc062723c751e8b465ee728b)
Start importing Assets/ImportedKayKitAssets/KayKit_DungeonRemastered_1.0_FREE/Assets/obj/stairs_narrow.obj using Guid(d2b346701299948b79922ce5a4f92a95) Importer(815301076,1909f56bfc062723c751e8b465ee728b)  -> (artifact id: '9bd0731b071f83c4530cd5b5f910e2ee') in 0.040639 seconds
Number of updated asset objects reloaded before import = 0
Number of asset objects unloaded after import = 11
========================================================================
Received Import Request.
  Time since last request: 0.000068 seconds.
  path: Assets/ImportedKayKitAssets/KayKit_DungeonRemastered_1.0_FREE/Assets/obj/stairs_walled.obj
  artifactKey: Guid(32d78507ab26147d4ab15a4311e86d28) Importer(815301076,1909f56bfc062723c751e8b465ee728b)
Start importing Assets/ImportedKayKitAssets/KayKit_DungeonRemastered_1.0_FREE/Assets/obj/stairs_walled.obj using Guid(32d78507ab26147d4ab15a4311e86d28) Importer(815301076,1909f56bfc062723c751e8b465ee728b)  -> (artifact id: 'a0ac5b3d08c80f3405f38c0f6995e01e') in 0.043432 seconds
Number of updated asset objects reloaded before import = 0
Number of asset objects unloaded after import = 11
========================================================================
Received Import Request.
  Time since last request: 1.631261 seconds.
  path: Assets/ImportedKayKitAssets/KayKit_DungeonRemastered_1.0_FREE/Assets/obj/stairs_wood_decorated.obj
  artifactKey: Guid(bca7e8a8afb204cbc97f15066fc90ef6) Importer(815301076,1909f56bfc062723c751e8b465ee728b)
Start importing Assets/ImportedKayKitAssets/KayKit_DungeonRemastered_1.0_FREE/Assets/obj/stairs_wood_decorated.obj using Guid(bca7e8a8afb204cbc97f15066fc90ef6) Importer(815301076,1909f56bfc062723c751e8b465ee728b)  -> (artifact id: '11eda3858c056ef7c6febfe090a07656') in 0.035179 seconds
Number of updated asset objects reloaded before import = 0
Number of asset objects unloaded after import = 11
========================================================================
Received Import Request.
  Time since last request: 0.000066 seconds.
  path: Assets/ImportedKayKitAssets/KayKit_DungeonRemastered_1.0_FREE/Assets/obj/sword_shield_gold.obj
  artifactKey: Guid(d5028beb70c9e417582a7c84062e66c3) Importer(815301076,1909f56bfc062723c751e8b465ee728b)
Start importing Assets/ImportedKayKitAssets/KayKit_DungeonRemastered_1.0_FREE/Assets/obj/sword_shield_gold.obj using Guid(d5028beb70c9e417582a7c84062e66c3) Importer(815301076,1909f56bfc062723c751e8b465ee728b)  -> (artifact id: '84c5e25dad4ac2ee9d63c723ba8206a6') in 0.042572 seconds
Number of updated asset objects reloaded before import = 0
Number of asset objects unloaded after import = 11
========================================================================
Received Import Request.
  Time since last request: 0.003798 seconds.
  path: Assets/ImportedKayKitAssets/KayKit_DungeonRemastered_1.0_FREE/Assets/obj/table_long_broken.obj
  artifactKey: Guid(fb893425042b748da803637a4271e0be) Importer(815301076,1909f56bfc062723c751e8b465ee728b)
Start importing Assets/ImportedKayKitAssets/KayKit_DungeonRemastered_1.0_FREE/Assets/obj/table_long_broken.obj using Guid(fb893425042b748da803637a4271e0be) Importer(815301076,1909f56bfc062723c751e8b465ee728b)  -> (artifact id: '1f6409614c40bdada63413597a7f16a9') in 0.040902 seconds
Number of updated asset objects reloaded before import = 0
Number of asset objects unloaded after import = 11
========================================================================
Received Import Request.
  Time since last request: 0.000057 seconds.
  path: Assets/ImportedKayKitAssets/KayKit_DungeonRemastered_1.0_FREE/Assets/obj/table_long_tablecloth_decorated_A.obj
  artifactKey: Guid(74d961a0342394ed4a9c1368762cba1d) Importer(815301076,1909f56bfc062723c751e8b465ee728b)
Start importing Assets/ImportedKayKitAssets/KayKit_DungeonRemastered_1.0_FREE/Assets/obj/table_long_tablecloth_decorated_A.obj using Guid(74d961a0342394ed4a9c1368762cba1d) Importer(815301076,1909f56bfc062723c751e8b465ee728b)  -> (artifact id: '2d143fec210e7330a3dc3a8cda9fe814') in 0.034555 seconds
Number of updated asset objects reloaded before import = 0
Number of asset objects unloaded after import = 11
========================================================================
Received Import Request.
  Time since last request: 0.053799 seconds.
  path: Assets/ImportedKayKitAssets/KayKit_DungeonRemastered_1.0_FREE/Assets/obj/table_medium_broken.obj
  artifactKey: Guid(baf04d457a6d34c5a884c6624046da62) Importer(815301076,1909f56bfc062723c751e8b465ee728b)
Start importing Assets/ImportedKayKitAssets/KayKit_DungeonRemastered_1.0_FREE/Assets/obj/table_medium_broken.obj using Guid(baf04d457a6d34c5a884c6624046da62) Importer(815301076,1909f56bfc062723c751e8b465ee728b)  -> (artifact id: '1c2be8d39df6e908f9438ff205fdc32e') in 0.039404 seconds
Number of updated asset objects reloaded before import = 0
Number of asset objects unloaded after import = 11
========================================================================
Received Import Request.
  Time since last request: 0.000068 seconds.
  path: Assets/ImportedKayKitAssets/KayKit_DungeonRemastered_1.0_FREE/Assets/obj/table_medium_tablecloth_decorated_B.obj
  artifactKey: Guid(05444805ab26f4171b358d82a6643bac) Importer(815301076,1909f56bfc062723c751e8b465ee728b)
Start importing Assets/ImportedKayKitAssets/KayKit_DungeonRemastered_1.0_FREE/Assets/obj/table_medium_tablecloth_decorated_B.obj using Guid(05444805ab26f4171b358d82a6643bac) Importer(815301076,1909f56bfc062723c751e8b465ee728b)  -> (artifact id: '553ef7c0c3e29015e0e2a3c0b2d266bd') in 0.035093 seconds
Number of updated asset objects reloaded before import = 0
Number of asset objects unloaded after import = 11
========================================================================
Received Import Request.
  Time since last request: 7.233982 seconds.
  path: Assets/ImportedKayKitAssets/KayKit_DungeonRemastered_1.0_FREE/Samples/dungeon_remastered_sample1.png
  artifactKey: Guid(60f09af90d71f430e892e4b7b2941286) Importer(815301076,1909f56bfc062723c751e8b465ee728b)
Start importing Assets/ImportedKayKitAssets/KayKit_DungeonRemastered_1.0_FREE/Samples/dungeon_remastered_sample1.png using Guid(60f09af90d71f430e892e4b7b2941286) Importer(815301076,1909f56bfc062723c751e8b465ee728b)  -> (artifact id: '414aaaddd7834455dd80d0ebf506e207') in 0.022319 seconds
Number of updated asset objects reloaded before import = 0
Number of asset objects unloaded after import = 2
========================================================================
Received Import Request.
  Time since last request: 0.000110 seconds.
  path: Assets/ImportedKayKitAssets/KayKit_DungeonRemastered_1.0_FREE/Samples/source_content.png
  artifactKey: Guid(7a52039b5a0bd4781b84184902c39e06) Importer(815301076,1909f56bfc062723c751e8b465ee728b)
Start importing Assets/ImportedKayKitAssets/KayKit_DungeonRemastered_1.0_FREE/Samples/source_content.png using Guid(7a52039b5a0bd4781b84184902c39e06) Importer(815301076,1909f56bfc062723c751e8b465ee728b)  -> (artifact id: 'cf0340aae962d99715588e6168bad055') in 0.011532 seconds
Number of updated asset objects reloaded before import = 0
Number of asset objects unloaded after import = 2
========================================================================
Received Import Request.
  Time since last request: 0.000164 seconds.
  path: Assets/ImportedKayKitAssets/KayKit_DungeonRemastered_1.0_FREE/Samples/dungeon_remastered_sample11.png
  artifactKey: Guid(1d42eda0b2a2d43a9975aad2b8cc6c18) Importer(815301076,1909f56bfc062723c751e8b465ee728b)
Start importing Assets/ImportedKayKitAssets/KayKit_DungeonRemastered_1.0_FREE/Samples/dungeon_remastered_sample11.png using Guid(1d42eda0b2a2d43a9975aad2b8cc6c18) Importer(815301076,1909f56bfc062723c751e8b465ee728b)  -> (artifact id: 'da3449ab886f485410d06a4eb95dd655') in 0.015851 seconds
Number of updated asset objects reloaded before import = 0
Number of asset objects unloaded after import = 2
========================================================================
Received Import Request.
  Time since last request: 0.000080 seconds.
  path: Assets/ImportedKayKitAssets/KayKit_DungeonRemastered_1.0_FREE/Samples/dungeon_remastered_sample10.png
  artifactKey: Guid(afa517649aac24ba5969ebe01291d92e) Importer(815301076,1909f56bfc062723c751e8b465ee728b)
Start importing Assets/ImportedKayKitAssets/KayKit_DungeonRemastered_1.0_FREE/Samples/dungeon_remastered_sample10.png using Guid(afa517649aac24ba5969ebe01291d92e) Importer(815301076,1909f56bfc062723c751e8b465ee728b)  -> (artifact id: '904d9b6168525777346fa7bc967911be') in 0.011854 seconds
Number of updated asset objects reloaded before import = 0
Number of asset objects unloaded after import = 2
========================================================================
Received Import Request.
  Time since last request: 0.000081 seconds.
  path: Assets/ImportedKayKitAssets/KayKit_DungeonRemastered_1.0_FREE/Samples/extra_content2.png
  artifactKey: Guid(8b6acd28820314d82b99aee486da7c3c) Importer(815301076,1909f56bfc062723c751e8b465ee728b)
Start importing Assets/ImportedKayKitAssets/KayKit_DungeonRemastered_1.0_FREE/Samples/extra_content2.png using Guid(8b6acd28820314d82b99aee486da7c3c) Importer(815301076,1909f56bfc062723c751e8b465ee728b)  -> (artifact id: '943f8e8f0b91c4c672ae7c3ea8a3a77a') in 0.015920 seconds
Number of updated asset objects reloaded before import = 0
Number of asset objects unloaded after import = 2
========================================================================
Received Import Request.
  Time since last request: 90.338423 seconds.
  path: Assets/ImportedKayKitAssets/KayKit_HalloweenBits_1.0_FREE/Assets/gltf/halloweenbits_texture.png
  artifactKey: Guid(8e26969141ce84d5ea4a5407da07202a) Importer(815301076,1909f56bfc062723c751e8b465ee728b)
Start importing Assets/ImportedKayKitAssets/KayKit_HalloweenBits_1.0_FREE/Assets/gltf/halloweenbits_texture.png using Guid(8e26969141ce84d5ea4a5407da07202a) Importer(815301076,1909f56bfc062723c751e8b465ee728b)  -> (artifact id: 'a5f43c0135cf968efedf73385503a15a') in 0.013086 seconds
Number of updated asset objects reloaded before import = 0
Number of asset objects unloaded after import = 2
========================================================================
Received Import Request.
  Time since last request: 2.042329 seconds.
  path: Assets/ImportedKayKitAssets/KayKit_HalloweenBits_1.0_FREE/Assets/obj/bone_A.obj
  artifactKey: Guid(5afe5a26bf0c04c59ba8d56ea734fe91) Importer(815301076,1909f56bfc062723c751e8b465ee728b)
Start importing Assets/ImportedKayKitAssets/KayKit_HalloweenBits_1.0_FREE/Assets/obj/bone_A.obj using Guid(5afe5a26bf0c04c59ba8d56ea734fe91) Importer(815301076,1909f56bfc062723c751e8b465ee728b)  -> (artifact id: 'a710d2298ae797aae9591f69bafd8f64') in 0.032053 seconds
Number of updated asset objects reloaded before import = 0
Number of asset objects unloaded after import = 11
========================================================================
Received Import Request.
  Time since last request: 0.000065 seconds.
  path: Assets/ImportedKayKitAssets/KayKit_HalloweenBits_1.0_FREE/Assets/obj/fence_seperate_broken.obj
  artifactKey: Guid(2b539746a1f9740b2b2ef0d631b4812b) Importer(815301076,1909f56bfc062723c751e8b465ee728b)
Start importing Assets/ImportedKayKitAssets/KayKit_HalloweenBits_1.0_FREE/Assets/obj/fence_seperate_broken.obj using Guid(2b539746a1f9740b2b2ef0d631b4812b) Importer(815301076,1909f56bfc062723c751e8b465ee728b)  -> (artifact id: 'e92074a1353690fe3789021f01a671fe') in 0.043022 seconds
Number of updated asset objects reloaded before import = 0
Number of asset objects unloaded after import = 11
========================================================================
Received Import Request.
  Time since last request: 0.000057 seconds.
  path: Assets/ImportedKayKitAssets/KayKit_HalloweenBits_1.0_FREE/Assets/obj/coffin_decorated.obj
  artifactKey: Guid(9d8f993b737dd43fe84f1158271bcbea) Importer(815301076,1909f56bfc062723c751e8b465ee728b)
Start importing Assets/ImportedKayKitAssets/KayKit_HalloweenBits_1.0_FREE/Assets/obj/coffin_decorated.obj using Guid(9d8f993b737dd43fe84f1158271bcbea) Importer(815301076,1909f56bfc062723c751e8b465ee728b)  -> (artifact id: 'dbd78af71487a2298afce0ff6f2fd2aa') in 0.038004 seconds
Number of updated asset objects reloaded before import = 0
Number of asset objects unloaded after import = 11
========================================================================
Received Import Request.
  Time since last request: 0.000069 seconds.
  path: Assets/ImportedKayKitAssets/KayKit_HalloweenBits_1.0_FREE/Assets/obj/candle_melted.obj
  artifactKey: Guid(d4ce280edae334de995e4bb3273be653) Importer(815301076,1909f56bfc062723c751e8b465ee728b)
Start importing Assets/ImportedKayKitAssets/KayKit_HalloweenBits_1.0_FREE/Assets/obj/candle_melted.obj using Guid(d4ce280edae334de995e4bb3273be653) Importer(815301076,1909f56bfc062723c751e8b465ee728b)  -> (artifact id: 'cd45aa588c05940e0c9b7375938b3f62') in 0.041385 seconds
Number of updated asset objects reloaded before import = 0
Number of asset objects unloaded after import = 11
========================================================================
Received Import Request.
  Time since last request: 0.000069 seconds.
  path: Assets/ImportedKayKitAssets/KayKit_HalloweenBits_1.0_FREE/Assets/obj/fence_gate_left.obj
  artifactKey: Guid(c4b792b7ff92042b0a02f99ef80dc73c) Importer(815301076,1909f56bfc062723c751e8b465ee728b)
Start importing Assets/ImportedKayKitAssets/KayKit_HalloweenBits_1.0_FREE/Assets/obj/fence_gate_left.obj using Guid(c4b792b7ff92042b0a02f99ef80dc73c) Importer(815301076,1909f56bfc062723c751e8b465ee728b)  -> (artifact id: '99bd123d6b043d3292d68966fea47fb8') in 0.047519 seconds
Number of updated asset objects reloaded before import = 0
Number of asset objects unloaded after import = 11
========================================================================
Received Import Request.
  Time since last request: 0.000067 seconds.
  path: Assets/ImportedKayKitAssets/KayKit_HalloweenBits_1.0_FREE/Assets/obj/fence_broken.obj
  artifactKey: Guid(5f352c387d5af47be9f8600ac7adc2ed) Importer(815301076,1909f56bfc062723c751e8b465ee728b)
Start importing Assets/ImportedKayKitAssets/KayKit_HalloweenBits_1.0_FREE/Assets/obj/fence_broken.obj using Guid(5f352c387d5af47be9f8600ac7adc2ed) Importer(815301076,1909f56bfc062723c751e8b465ee728b)  -> (artifact id: 'b9060018ccf738fadb13f58ac9d9aada') in 0.040335 seconds
Number of updated asset objects reloaded before import = 0
Number of asset objects unloaded after import = 11
========================================================================
Received Import Request.
  Time since last request: 0.000062 seconds.
  path: Assets/ImportedKayKitAssets/KayKit_HalloweenBits_1.0_FREE/Assets/obj/candle_triple.obj
  artifactKey: Guid(9837e3e0f1eb54b3c91c89b5ed1e0d0a) Importer(815301076,1909f56bfc062723c751e8b465ee728b)
Start importing Assets/ImportedKayKitAssets/KayKit_HalloweenBits_1.0_FREE/Assets/obj/candle_triple.obj using Guid(9837e3e0f1eb54b3c91c89b5ed1e0d0a) Importer(815301076,1909f56bfc062723c751e8b465ee728b)  -> (artifact id: 'dc77fe1ff48241c58567fa74482c05f2') in 0.046378 seconds
Number of updated asset objects reloaded before import = 0
Number of asset objects unloaded after import = 11
========================================================================
Received Import Request.
  Time since last request: 0.000126 seconds.
  path: Assets/ImportedKayKitAssets/KayKit_HalloweenBits_1.0_FREE/Assets/obj/floor_dirt_small.obj
  artifactKey: Guid(f6a590af1c0344f73ba2d4b30efd758f) Importer(815301076,1909f56bfc062723c751e8b465ee728b)
Start importing Assets/ImportedKayKitAssets/KayKit_HalloweenBits_1.0_FREE/Assets/obj/floor_dirt_small.obj using Guid(f6a590af1c0344f73ba2d4b30efd758f) Importer(815301076,1909f56bfc062723c751e8b465ee728b)  -> (artifact id: '7a89939e06bb562ead593a3db48e2018') in 0.042926 seconds
Number of updated asset objects reloaded before import = 0
Number of asset objects unloaded after import = 11
========================================================================
Received Import Request.
  Time since last request: 0.000149 seconds.
  path: Assets/ImportedKayKitAssets/KayKit_HalloweenBits_1.0_FREE/Assets/obj/fence_pillar_broken.obj
  artifactKey: Guid(c767cab82a9e04a298ca1fe497079bba) Importer(815301076,1909f56bfc062723c751e8b465ee728b)
Start importing Assets/ImportedKayKitAssets/KayKit_HalloweenBits_1.0_FREE/Assets/obj/fence_pillar_broken.obj using Guid(c767cab82a9e04a298ca1fe497079bba) Importer(815301076,1909f56bfc062723c751e8b465ee728b)  -> (artifact id: '1fa3f24cf1d6ecce372a56c275bf928c') in 0.048344 seconds
Number of updated asset objects reloaded before import = 0
Number of asset objects unloaded after import = 11
========================================================================
Received Import Request.
  Time since last request: 0.000083 seconds.
  path: Assets/ImportedKayKitAssets/KayKit_HalloweenBits_1.0_FREE/Assets/obj/fence_gate_right.obj
  artifactKey: Guid(0267e500046f8415b9aac448d7b5641f) Importer(815301076,1909f56bfc062723c751e8b465ee728b)
Start importing Assets/ImportedKayKitAssets/KayKit_HalloweenBits_1.0_FREE/Assets/obj/fence_gate_right.obj using Guid(0267e500046f8415b9aac448d7b5641f) Importer(815301076,1909f56bfc062723c751e8b465ee728b)  -> (artifact id: '67e46c33991a49b593817ed532e569ab') in 0.042006 seconds
Number of updated asset objects reloaded before import = 0
Number of asset objects unloaded after import = 11
========================================================================
Received Import Request.
  Time since last request: 0.000081 seconds.
  path: Assets/ImportedKayKitAssets/KayKit_HalloweenBits_1.0_FREE/Assets/obj/grave_A.obj
  artifactKey: Guid(afb1319294e674bf8831e8d1addfe41f) Importer(815301076,1909f56bfc062723c751e8b465ee728b)
Start importing Assets/ImportedKayKitAssets/KayKit_HalloweenBits_1.0_FREE/Assets/obj/grave_A.obj using Guid(afb1319294e674bf8831e8d1addfe41f) Importer(815301076,1909f56bfc062723c751e8b465ee728b)  -> (artifact id: '98dc15777eff426a23e844457eac291b') in 0.040581 seconds
Number of updated asset objects reloaded before import = 0
Number of asset objects unloaded after import = 11
========================================================================
Received Import Request.
  Time since last request: 0.000081 seconds.
  path: Assets/ImportedKayKitAssets/KayKit_HalloweenBits_1.0_FREE/Assets/obj/floor_dirt.obj
  artifactKey: Guid(688db5e42745c4d6ea8e9653cc1c52d9) Importer(815301076,1909f56bfc062723c751e8b465ee728b)
Start importing Assets/ImportedKayKitAssets/KayKit_HalloweenBits_1.0_FREE/Assets/obj/floor_dirt.obj using Guid(688db5e42745c4d6ea8e9653cc1c52d9) Importer(815301076,1909f56bfc062723c751e8b465ee728b)  -> (artifact id: '1581e99a9b864dd3f8f994e02d816f82') in 0.051947 seconds
Number of updated asset objects reloaded before import = 0
Number of asset objects unloaded after import = 11
========================================================================
Received Import Request.
  Time since last request: 1.004069 seconds.
  path: Assets/ImportedKayKitAssets/KayKit_HalloweenBits_1.0_FREE/Assets/obj/arch.obj
  artifactKey: Guid(d40d69782159340fdb2ce31ef7bfcfb6) Importer(815301076,1909f56bfc062723c751e8b465ee728b)
Start importing Assets/ImportedKayKitAssets/KayKit_HalloweenBits_1.0_FREE/Assets/obj/arch.obj using Guid(d40d69782159340fdb2ce31ef7bfcfb6) Importer(815301076,1909f56bfc062723c751e8b465ee728b)  -> (artifact id: 'c7f675206a5d692b492dd80063d16aaf') in 0.032900 seconds
Number of updated asset objects reloaded before import = 0
Number of asset objects unloaded after import = 11
========================================================================
Received Import Request.
  Time since last request: 0.000063 seconds.
  path: Assets/ImportedKayKitAssets/KayKit_HalloweenBits_1.0_FREE/Assets/obj/bench_decorated.obj
  artifactKey: Guid(78ec7ff2a2c6e4c2c9821341980ee37c) Importer(815301076,1909f56bfc062723c751e8b465ee728b)
Start importing Assets/ImportedKayKitAssets/KayKit_HalloweenBits_1.0_FREE/Assets/obj/bench_decorated.obj using Guid(78ec7ff2a2c6e4c2c9821341980ee37c) Importer(815301076,1909f56bfc062723c751e8b465ee728b)  -> (artifact id: '87a0a4c9a51a5fc05f9d62c58ddb28be') in 0.035082 seconds
Number of updated asset objects reloaded before import = 0
Number of asset objects unloaded after import = 11
========================================================================
Received Import Request.
  Time since last request: 0.000126 seconds.
  path: Assets/ImportedKayKitAssets/KayKit_HalloweenBits_1.0_FREE/Assets/obj/arch_gate_right.obj
  artifactKey: Guid(7398c0bd06bd34fd9ad6b4272b118db5) Importer(815301076,1909f56bfc062723c751e8b465ee728b)
Start importing Assets/ImportedKayKitAssets/KayKit_HalloweenBits_1.0_FREE/Assets/obj/arch_gate_right.obj using Guid(7398c0bd06bd34fd9ad6b4272b118db5) Importer(815301076,1909f56bfc062723c751e8b465ee728b)  -> (artifact id: '4e07dcc6f32a97c23de3a60a43861d5a') in 0.046692 seconds
Number of updated asset objects reloaded before import = 0
Number of asset objects unloaded after import = 11
========================================================================
Received Import Request.
  Time since last request: 0.004859 seconds.
  path: Assets/ImportedKayKitAssets/KayKit_HalloweenBits_1.0_FREE/Assets/obj/grave_A_destroyed.obj
  artifactKey: Guid(455b1c322314f4af989d5a9b80745e80) Importer(815301076,1909f56bfc062723c751e8b465ee728b)
Start importing Assets/ImportedKayKitAssets/KayKit_HalloweenBits_1.0_FREE/Assets/obj/grave_A_destroyed.obj using Guid(455b1c322314f4af989d5a9b80745e80) Importer(815301076,1909f56bfc062723c751e8b465ee728b)  -> (artifact id: 'c4430a0ee595d2f42767e2b52c792c07') in 0.044320 seconds
Number of updated asset objects reloaded before import = 0
Number of asset objects unloaded after import = 11
========================================================================
Received Import Request.
  Time since last request: 0.000079 seconds.
  path: Assets/ImportedKayKitAssets/KayKit_HalloweenBits_1.0_FREE/Assets/obj/halloweenbits_texture.png
  artifactKey: Guid(2cf597ac8038c4cb385044b4c25ac77f) Importer(815301076,1909f56bfc062723c751e8b465ee728b)
Start importing Assets/ImportedKayKitAssets/KayKit_HalloweenBits_1.0_FREE/Assets/obj/halloweenbits_texture.png using Guid(2cf597ac8038c4cb385044b4c25ac77f) Importer(815301076,1909f56bfc062723c751e8b465ee728b)  -> (artifact id: '43f677747715d3f4fec994734d8e095f') in 0.011811 seconds
Number of updated asset objects reloaded before import = 0
Number of asset objects unloaded after import = 2
========================================================================
Received Import Request.
  Time since last request: 0.000189 seconds.
  path: Assets/ImportedKayKitAssets/KayKit_HalloweenBits_1.0_FREE/Assets/obj/gravestone.obj
  artifactKey: Guid(2e68eea4ec5ca4d7f821d19988237b04) Importer(815301076,1909f56bfc062723c751e8b465ee728b)
Start importing Assets/ImportedKayKitAssets/KayKit_HalloweenBits_1.0_FREE/Assets/obj/gravestone.obj using Guid(2e68eea4ec5ca4d7f821d19988237b04) Importer(815301076,1909f56bfc062723c751e8b465ee728b)  -> (artifact id: '7c5f0a2931ef888887519cc8c16a017d') in 0.058160 seconds
Number of updated asset objects reloaded before import = 0
Number of asset objects unloaded after import = 11
========================================================================
Received Import Request.
  Time since last request: 0.000068 seconds.
  path: Assets/ImportedKayKitAssets/KayKit_HalloweenBits_1.0_FREE/Assets/obj/gravemarker_B.obj
  artifactKey: Guid(14e7f1044ae474713b342ae1a0dddcdf) Importer(815301076,1909f56bfc062723c751e8b465ee728b)
Start importing Assets/ImportedKayKitAssets/KayKit_HalloweenBits_1.0_FREE/Assets/obj/gravemarker_B.obj using Guid(14e7f1044ae474713b342ae1a0dddcdf) Importer(815301076,1909f56bfc062723c751e8b465ee728b)  -> (artifact id: '1518f7d20ff29eae1da903a73a7d01e5') in 0.039962 seconds
Number of updated asset objects reloaded before import = 0
Number of asset objects unloaded after import = 11
========================================================================
Received Import Request.
  Time since last request: 0.679355 seconds.
  path: Assets/ImportedKayKitAssets/KayKit_HalloweenBits_1.0_FREE/Assets/obj/lantern_standing.obj
  artifactKey: Guid(2ca5394662dda4e9c886f2d7a6f6a165) Importer(815301076,1909f56bfc062723c751e8b465ee728b)
Start importing Assets/ImportedKayKitAssets/KayKit_HalloweenBits_1.0_FREE/Assets/obj/lantern_standing.obj using Guid(2ca5394662dda4e9c886f2d7a6f6a165) Importer(815301076,1909f56bfc062723c751e8b465ee728b)  -> (artifact id: 'cf690af2a9624f15b72fc23e3d2adfab') in 0.031814 seconds
Number of updated asset objects reloaded before import = 0
Number of asset objects unloaded after import = 11
========================================================================
Received Import Request.
  Time since last request: 0.000070 seconds.
  path: Assets/ImportedKayKitAssets/KayKit_HalloweenBits_1.0_FREE/Assets/obj/path_C.obj
  artifactKey: Guid(5e85ab3490b8242fe86e15b5067d7dd9) Importer(815301076,1909f56bfc062723c751e8b465ee728b)
Start importing Assets/ImportedKayKitAssets/KayKit_HalloweenBits_1.0_FREE/Assets/obj/path_C.obj using Guid(5e85ab3490b8242fe86e15b5067d7dd9) Importer(815301076,1909f56bfc062723c751e8b465ee728b)  -> (artifact id: '68834efa0d8751200a9e731edd832267') in 0.039892 seconds
Number of updated asset objects reloaded before import = 0
Number of asset objects unloaded after import = 11
========================================================================
Received Import Request.
  Time since last request: 0.000079 seconds.
  path: Assets/ImportedKayKitAssets/KayKit_HalloweenBits_1.0_FREE/Assets/obj/path_D.obj
  artifactKey: Guid(2cbb36b8bea6548178f2fe3a7e3812c3) Importer(815301076,1909f56bfc062723c751e8b465ee728b)
Start importing Assets/ImportedKayKitAssets/KayKit_HalloweenBits_1.0_FREE/Assets/obj/path_D.obj using Guid(2cbb36b8bea6548178f2fe3a7e3812c3) Importer(815301076,1909f56bfc062723c751e8b465ee728b)  -> (artifact id: '7e25ebd54ce5529c71ff954a757d410d') in 0.039401 seconds
Number of updated asset objects reloaded before import = 0
Number of asset objects unloaded after import = 11
========================================================================
Received Import Request.
  Time since last request: 0.502072 seconds.
  path: Assets/ImportedKayKitAssets/KayKit_HalloweenBits_1.0_FREE/Assets/obj/plaque.obj
  artifactKey: Guid(9b0fbfd82149d4734b820d728f9d9fe3) Importer(815301076,1909f56bfc062723c751e8b465ee728b)
Start importing Assets/ImportedKayKitAssets/KayKit_HalloweenBits_1.0_FREE/Assets/obj/plaque.obj using Guid(9b0fbfd82149d4734b820d728f9d9fe3) Importer(815301076,1909f56bfc062723c751e8b465ee728b)  -> (artifact id: 'fa6213d828fc7ea174e2ca41856459c7') in 0.032656 seconds
Number of updated asset objects reloaded before import = 0
Number of asset objects unloaded after import = 11
========================================================================
Received Import Request.
  Time since last request: 0.000062 seconds.
  path: Assets/ImportedKayKitAssets/KayKit_HalloweenBits_1.0_FREE/Assets/obj/post_skull.obj
  artifactKey: Guid(7dfe024254e1147f6b9a0e6645f3eac5) Importer(815301076,1909f56bfc062723c751e8b465ee728b)
Start importing Assets/ImportedKayKitAssets/KayKit_HalloweenBits_1.0_FREE/Assets/obj/post_skull.obj using Guid(7dfe024254e1147f6b9a0e6645f3eac5) Importer(815301076,1909f56bfc062723c751e8b465ee728b)  -> (artifact id: 'b7eedebdc87d61e88bc702c508b511b4') in 0.043858 seconds
Number of updated asset objects reloaded before import = 0
Number of asset objects unloaded after import = 11
========================================================================
Received Import Request.
  Time since last request: 0.000110 seconds.
  path: Assets/ImportedKayKitAssets/KayKit_HalloweenBits_1.0_FREE/Assets/obj/pumpkin_orange_jackolantern.obj
  artifactKey: Guid(f4861c26906ec4f2aafc9805f6da63be) Importer(815301076,1909f56bfc062723c751e8b465ee728b)
Start importing Assets/ImportedKayKitAssets/KayKit_HalloweenBits_1.0_FREE/Assets/obj/pumpkin_orange_jackolantern.obj using Guid(f4861c26906ec4f2aafc9805f6da63be) Importer(815301076,1909f56bfc062723c751e8b465ee728b)  -> (artifact id: '05e540113220cdd9ab48c17fd3183476') in 0.037266 seconds
Number of updated asset objects reloaded before import = 0
Number of asset objects unloaded after import = 11
========================================================================
Received Import Request.
  Time since last request: 0.000128 seconds.
  path: Assets/ImportedKayKitAssets/KayKit_HalloweenBits_1.0_FREE/Assets/obj/pumpkin_yellow.obj
  artifactKey: Guid(75c370f9171e74b5db84ee1e63f00407) Importer(815301076,1909f56bfc062723c751e8b465ee728b)
Start importing Assets/ImportedKayKitAssets/KayKit_HalloweenBits_1.0_FREE/Assets/obj/pumpkin_yellow.obj using Guid(75c370f9171e74b5db84ee1e63f00407) Importer(815301076,1909f56bfc062723c751e8b465ee728b)  -> (artifact id: 'f9518f59e41b80493e38de51d7eb9821') in 0.041743 seconds
Number of updated asset objects reloaded before import = 0
Number of asset objects unloaded after import = 11
========================================================================
Received Import Request.
  Time since last request: 0.000057 seconds.
  path: Assets/ImportedKayKitAssets/KayKit_HalloweenBits_1.0_FREE/Assets/obj/skull_candle.obj
  artifactKey: Guid(db4c7e49b7ce44125b46ab6b8771111d) Importer(815301076,1909f56bfc062723c751e8b465ee728b)
Start importing Assets/ImportedKayKitAssets/KayKit_HalloweenBits_1.0_FREE/Assets/obj/skull_candle.obj using Guid(db4c7e49b7ce44125b46ab6b8771111d) Importer(815301076,1909f56bfc062723c751e8b465ee728b)  -> (artifact id: 'bd269d320f9fdca963d6fe45cf34b8e9') in 0.048259 seconds
Number of updated asset objects reloaded before import = 0
Number of asset objects unloaded after import = 11
========================================================================
Received Import Request.
  Time since last request: 0.000062 seconds.
  path: Assets/ImportedKayKitAssets/KayKit_HalloweenBits_1.0_FREE/Assets/obj/ribcage.obj
  artifactKey: Guid(a1b46004ae8824f9784e27cc72af307f) Importer(815301076,1909f56bfc062723c751e8b465ee728b)
Start importing Assets/ImportedKayKitAssets/KayKit_HalloweenBits_1.0_FREE/Assets/obj/ribcage.obj using Guid(a1b46004ae8824f9784e27cc72af307f) Importer(815301076,1909f56bfc062723c751e8b465ee728b)  -> (artifact id: '108276bc5979010567bfc41c8c806add') in 0.041333 seconds
Number of updated asset objects reloaded before import = 0
Number of asset objects unloaded after import = 11
========================================================================
Received Import Request.
  Time since last request: 0.000060 seconds.
  path: Assets/ImportedKayKitAssets/KayKit_HalloweenBits_1.0_FREE/Assets/obj/pumpkin_yellow_jackolantern.obj
  artifactKey: Guid(37d0098df66ab479b8df9bbd7344fcb9) Importer(815301076,1909f56bfc062723c751e8b465ee728b)
Start importing Assets/ImportedKayKitAssets/KayKit_HalloweenBits_1.0_FREE/Assets/obj/pumpkin_yellow_jackolantern.obj using Guid(37d0098df66ab479b8df9bbd7344fcb9) Importer(815301076,1909f56bfc062723c751e8b465ee728b)  -> (artifact id: '5e7cb965af450f90a8470ee969297c81') in 0.037742 seconds
Number of updated asset objects reloaded before import = 0
Number of asset objects unloaded after import = 11
========================================================================
Received Import Request.
  Time since last request: 0.000111 seconds.
  path: Assets/ImportedKayKitAssets/KayKit_HalloweenBits_1.0_FREE/Assets/obj/post.obj
  artifactKey: Guid(d7f9d60b2d5824e109f08ef6343460e6) Importer(815301076,1909f56bfc062723c751e8b465ee728b)
Start importing Assets/ImportedKayKitAssets/KayKit_HalloweenBits_1.0_FREE/Assets/obj/post.obj using Guid(d7f9d60b2d5824e109f08ef6343460e6) Importer(815301076,1909f56bfc062723c751e8b465ee728b)  -> (artifact id: 'e3af0ba5f53fb825adc5cc2d7111834d') in 0.036126 seconds
Number of updated asset objects reloaded before import = 0
Number of asset objects unloaded after import = 11
========================================================================
Received Import Request.
  Time since last request: 0.000059 seconds.
  path: Assets/ImportedKayKitAssets/KayKit_HalloweenBits_1.0_FREE/Assets/obj/tree_pine_orange_large.obj
  artifactKey: Guid(385615fe7c020406ebd3f446011a6a3e) Importer(815301076,1909f56bfc062723c751e8b465ee728b)
Start importing Assets/ImportedKayKitAssets/KayKit_HalloweenBits_1.0_FREE/Assets/obj/tree_pine_orange_large.obj using Guid(385615fe7c020406ebd3f446011a6a3e) Importer(815301076,1909f56bfc062723c751e8b465ee728b)  -> (artifact id: '5b9ac99c9b6df377db0b24070ca9eb7e') in 0.039989 seconds
Number of updated asset objects reloaded before import = 0
Number of asset objects unloaded after import = 11
========================================================================
Received Import Request.
  Time since last request: 0.000071 seconds.
  path: Assets/ImportedKayKitAssets/KayKit_HalloweenBits_1.0_FREE/Assets/obj/tree_dead_large.obj
  artifactKey: Guid(af974224caca24ada8eb403c9a29262e) Importer(815301076,1909f56bfc062723c751e8b465ee728b)
Start importing Assets/ImportedKayKitAssets/KayKit_HalloweenBits_1.0_FREE/Assets/obj/tree_dead_large.obj using Guid(af974224caca24ada8eb403c9a29262e) Importer(815301076,1909f56bfc062723c751e8b465ee728b)  -> (artifact id: '4e396619053c0a71394a3fb92af827c0') in 0.039035 seconds
Number of updated asset objects reloaded before import = 0
Number of asset objects unloaded after import = 11
========================================================================
Received Import Request.
  Time since last request: 0.000056 seconds.
  path: Assets/ImportedKayKitAssets/KayKit_HalloweenBits_1.0_FREE/Assets/obj/tree_dead_large_decorated.obj
  artifactKey: Guid(6402ad9ed75b64bbbaed92fd4b7565f7) Importer(815301076,1909f56bfc062723c751e8b465ee728b)
Start importing Assets/ImportedKayKitAssets/KayKit_HalloweenBits_1.0_FREE/Assets/obj/tree_dead_large_decorated.obj using Guid(6402ad9ed75b64bbbaed92fd4b7565f7) Importer(815301076,1909f56bfc062723c751e8b465ee728b)  -> (artifact id: '5306b09573dfb14334ae71261b206316') in 0.039979 seconds
Number of updated asset objects reloaded before import = 0
Number of asset objects unloaded after import = 11
========================================================================
Received Import Request.
  Time since last request: 0.000060 seconds.
  path: Assets/ImportedKayKitAssets/KayKit_HalloweenBits_1.0_FREE/Assets/obj/post_lantern_lantern.obj
  artifactKey: Guid(5d8b0b13462c6467398c294bc0b8e9f3) Importer(815301076,1909f56bfc062723c751e8b465ee728b)
Start importing Assets/ImportedKayKitAssets/KayKit_HalloweenBits_1.0_FREE/Assets/obj/post_lantern_lantern.obj using Guid(5d8b0b13462c6467398c294bc0b8e9f3) Importer(815301076,1909f56bfc062723c751e8b465ee728b)  -> (artifact id: 'e64e2677b59c6a3a4ecc422f7fb2e153') in 0.043798 seconds
Number of updated asset objects reloaded before import = 0
Number of asset objects unloaded after import = 11
========================================================================
Received Import Request.
  Time since last request: 0.025464 seconds.
  path: Assets/ImportedKayKitAssets/KayKit_HalloweenBits_1.0_FREE/Assets/obj/tree_pine_orange_small.obj
  artifactKey: Guid(ab1d011b77141473fafbcc01505e4a75) Importer(815301076,1909f56bfc062723c751e8b465ee728b)
Start importing Assets/ImportedKayKitAssets/KayKit_HalloweenBits_1.0_FREE/Assets/obj/tree_pine_orange_small.obj using Guid(ab1d011b77141473fafbcc01505e4a75) Importer(815301076,1909f56bfc062723c751e8b465ee728b)  -> (artifact id: '41bee864b88a98da4c4c5fe888b7e719') in 0.045894 seconds
Number of updated asset objects reloaded before import = 0
Number of asset objects unloaded after import = 11
========================================================================
Received Import Request.
  Time since last request: 0.000061 seconds.
  path: Assets/ImportedKayKitAssets/KayKit_HalloweenBits_1.0_FREE/Assets/obj/tree_pine_yellow_medium.obj
  artifactKey: Guid(9138d9745018c42db85e23a474a3b57f) Importer(815301076,1909f56bfc062723c751e8b465ee728b)
Start importing Assets/ImportedKayKitAssets/KayKit_HalloweenBits_1.0_FREE/Assets/obj/tree_pine_yellow_medium.obj using Guid(9138d9745018c42db85e23a474a3b57f) Importer(815301076,1909f56bfc062723c751e8b465ee728b)  -> (artifact id: '66765b74455890b8b3feac7b80924f9c') in 0.037034 seconds
Number of updated asset objects reloaded before import = 0
Number of asset objects unloaded after import = 11
========================================================================
Received Import Request.
  Time since last request: 10.296202 seconds.
  path: Assets/ImportedKayKitAssets/KayKit_HalloweenBits_1.0_FREE/Assets/obj/tree_dead_large.mtl
  artifactKey: Guid(0699cc5c27ac14c40b765362b6fb847b) Importer(815301076,1909f56bfc062723c751e8b465ee728b)
Start importing Assets/ImportedKayKitAssets/KayKit_HalloweenBits_1.0_FREE/Assets/obj/tree_dead_large.mtl using Guid(0699cc5c27ac14c40b765362b6fb847b) Importer(815301076,1909f56bfc062723c751e8b465ee728b)  -> (artifact id: '53673722fb187bd09c2abdc168d88fe8') in 0.001082 seconds
Number of updated asset objects reloaded before import = 0
Number of asset objects unloaded after import = 1
========================================================================
Received Import Request.
  Time since last request: 6.977938 seconds.
  path: Assets/ImportedKayKitAssets/KayKit_HalloweenBits_1.0_FREE/Assets/obj/skull.mtl
  artifactKey: Guid(04d3fbd6bed5c464db7616e6c77acf3a) Importer(815301076,1909f56bfc062723c751e8b465ee728b)
Start importing Assets/ImportedKayKitAssets/KayKit_HalloweenBits_1.0_FREE/Assets/obj/skull.mtl using Guid(04d3fbd6bed5c464db7616e6c77acf3a) Importer(815301076,1909f56bfc062723c751e8b465ee728b)  -> (artifact id: '1aa10925a01875da57be2aaa0b096dcb') in 0.000989 seconds
Number of updated asset objects reloaded before import = 0
Number of asset objects unloaded after import = 1
========================================================================
Received Import Request.
  Time since last request: 35.857743 seconds.
  path: Assets/ImportedKayKitAssets/KayKit_HalloweenBits_1.0_FREE/Assets/textures/halloweenbits_texture.png
  artifactKey: Guid(a6329ccc925554a19a2919d702ff06ca) Importer(815301076,1909f56bfc062723c751e8b465ee728b)
Start importing Assets/ImportedKayKitAssets/KayKit_HalloweenBits_1.0_FREE/Assets/textures/halloweenbits_texture.png using Guid(a6329ccc925554a19a2919d702ff06ca) Importer(815301076,1909f56bfc062723c751e8b465ee728b)  -> (artifact id: '63356c71fbedada922b8bef6e201e86e') in 0.014321 seconds
Number of updated asset objects reloaded before import = 0
Number of asset objects unloaded after import = 2
========================================================================
Received Import Request.
  Time since last request: 11.460619 seconds.
  path: Assets/ImportedKayKitAssets/KayKit_Skeletons_1.0_FREE/assets/gltf
  artifactKey: Guid(735e7379dfe574ac8934e4cf444bfbc4) Importer(815301076,1909f56bfc062723c751e8b465ee728b)
Start importing Assets/ImportedKayKitAssets/KayKit_Skeletons_1.0_FREE/assets/gltf using Guid(735e7379dfe574ac8934e4cf444bfbc4) Importer(815301076,1909f56bfc062723c751e8b465ee728b)  -> (artifact id: '9ac2c15c36ef2cfe8773a22f2fe8b130') in 0.000525 seconds
Number of updated asset objects reloaded before import = 0
Number of asset objects unloaded after import = 0
========================================================================
Received Import Request.
  Time since last request: 0.060542 seconds.
  path: Assets/ImportedKayKitAssets/KayKit_Skeletons_1.0_FREE/assets/gltf/skeleton_texture.png
  artifactKey: Guid(fab4cd59c86984fab85ee4a4e87f15e3) Importer(815301076,1909f56bfc062723c751e8b465ee728b)
Start importing Assets/ImportedKayKitAssets/KayKit_Skeletons_1.0_FREE/assets/gltf/skeleton_texture.png using Guid(fab4cd59c86984fab85ee4a4e87f15e3) Importer(815301076,1909f56bfc062723c751e8b465ee728b)  -> (artifact id: '644b1e337ae267aff2a75c3ef04c418c') in 0.010652 seconds
Number of updated asset objects reloaded before import = 0
Number of asset objects unloaded after import = 2
