Unity Editor version:    2022.3.15f1 (b58023a2b463)
Branch:                  2022.3/staging
Build type:              Release
Batch mode:              YES
macOS version:           Version 12.3 (Build 21E230)
Darwin version:          21.4.0
Architecture:            x86_64
Running under Rosetta:   NO
Available memory:        16384 MB
Using pre-set license
Pro License: YES

COMMAND LINE ARGUMENTS:
/Applications/Unity/Hub/Editor/2022.3.15f1/Unity.app/Contents/MacOS/Unity
-adb2
-batchMode
-noUpm
-name
AssetImportWorker3
-projectPath
/Users/meghanpatnode/Documents/GitHub/GES-FinalProject/GES-Final/GES-Final
-logFile
Logs/AssetImportWorker3.log
-srvPort
50798
Successfully changed project path to: /Users/meghanpatnode/Documents/GitHub/GES-FinalProject/GES-Final/GES-Final
/Users/meghanpatnode/Documents/GitHub/GES-FinalProject/GES-Final/GES-Final
[UnityMemory] Configuration Parameters - Can be set up in boot.config
    "memorysetup-bucket-allocator-granularity=16"
    "memorysetup-bucket-allocator-bucket-count=8"
    "memorysetup-bucket-allocator-block-size=33554432"
    "memorysetup-bucket-allocator-block-count=8"
    "memorysetup-main-allocator-block-size=16777216"
    "memorysetup-thread-allocator-block-size=16777216"
    "memorysetup-gfx-main-allocator-block-size=16777216"
    "memorysetup-gfx-thread-allocator-block-size=16777216"
    "memorysetup-cache-allocator-block-size=4194304"
    "memorysetup-typetree-allocator-block-size=2097152"
    "memorysetup-profiler-bucket-allocator-granularity=16"
    "memorysetup-profiler-bucket-allocator-bucket-count=8"
    "memorysetup-profiler-bucket-allocator-block-size=33554432"
    "memorysetup-profiler-bucket-allocator-block-count=8"
    "memorysetup-profiler-allocator-block-size=16777216"
    "memorysetup-profiler-editor-allocator-block-size=1048576"
    "memorysetup-temp-allocator-size-main=16777216"
    "memorysetup-job-temp-allocator-block-size=2097152"
    "memorysetup-job-temp-allocator-block-size-background=1048576"
    "memorysetup-job-temp-allocator-reduction-small-platforms=262144"
    "memorysetup-allocator-temp-initial-block-size-main=262144"
    "memorysetup-allocator-temp-initial-block-size-worker=262144"
    "memorysetup-temp-allocator-size-background-worker=32768"
    "memorysetup-temp-allocator-size-job-worker=262144"
    "memorysetup-temp-allocator-size-preload-manager=33554432"
    "memorysetup-temp-allocator-size-nav-mesh-worker=65536"
    "memorysetup-temp-allocator-size-audio-worker=65536"
    "memorysetup-temp-allocator-size-cloud-worker=32768"
    "memorysetup-temp-allocator-size-gi-baking-worker=262144"
    "memorysetup-temp-allocator-size-gfx=262144"
Player connection [4850038272] Host "[IP] 10.6.152.116 [Port] 0 [Flags] 2 [Guid] 1977036335 [EditorId] 1977036335 [Version] 1048832 [Id] OSXEditor(0,Meghans-MacBook-Pro.local) [Debug] 1 [PackageName] OSXEditor [ProjectName] Editor" joined multi-casting on [225.0.0.222:54997]...

Player connection [4850038272] Host "[IP] 10.6.152.116 [Port] 0 [Flags] 2 [Guid] 1977036335 [EditorId] 1977036335 [Version] 1048832 [Id] OSXEditor(0,Meghans-MacBook-Pro.local) [Debug] 1 [PackageName] OSXEditor [ProjectName] Editor" joined alternative multi-casting on [225.0.0.222:34997]...

[Physics::Module] Initialized MultithreadedJobDispatcher with 11 workers.
Refreshing native plugins compatible for Editor in 7.18 ms, found 2 plugins.
Preloading 0 native plugins for Editor in 0.00 ms.
Initialize engine version: 2022.3.15f1 (b58023a2b463)
[Subsystems] Discovering subsystems at path /Applications/Unity/Hub/Editor/2022.3.15f1/Unity.app/Contents/Resources/UnitySubsystems
[Subsystems] Discovering subsystems at path /Users/meghanpatnode/Documents/GitHub/GES-FinalProject/GES-Final/GES-Final/Assets
GfxDevice: creating device client; threaded=0; jobified=0
Color LCD preferred device: Intel(R) UHD Graphics 630 (low power)
Metal devices available: 2
0: AMD Radeon Pro 5300M (high power)
1: Intel(R) UHD Graphics 630 (low power)
Using device AMD Radeon Pro 5300M (high power)
Initializing Metal device caps: AMD Radeon Pro 5300M
Initialize mono
Mono path[0] = '/Applications/Unity/Hub/Editor/2022.3.15f1/Unity.app/Contents/Managed'
Mono path[1] = '/Applications/Unity/Hub/Editor/2022.3.15f1/Unity.app/Contents/MonoBleedingEdge/lib/mono/unityjit-macos'
Mono config path = '/Applications/Unity/Hub/Editor/2022.3.15f1/Unity.app/Contents/MonoBleedingEdge/etc'
Using monoOptions --debugger-agent=transport=dt_socket,embedding=1,server=y,suspend=n,address=127.0.0.1:56694
Begin MonoManager ReloadAssembly
Registering precompiled unity dll's ...
Register platform support module: /Applications/Unity/Hub/Editor/2022.3.15f1/PlaybackEngines/WebGLSupport/UnityEditor.WebGL.Extensions.dll
Register platform support module: /Applications/Unity/Hub/Editor/2022.3.15f1/Unity.app/Contents/PlaybackEngines/MacStandaloneSupport/UnityEditor.OSXStandalone.Extensions.dll
Registered in 0.002329 seconds.
- Loaded All Assemblies, in  0.647 seconds
Native extension for OSXStandalone target not found
Native extension for WebGL target not found
Mono: successfully reloaded assembly
- Finished resetting the current domain, in  0.563 seconds
Domain Reload Profiling: 1210ms
	BeginReloadAssembly (135ms)
		ExecutionOrderSort (0ms)
		DisableScriptedObjects (0ms)
		BackupInstance (0ms)
		ReleaseScriptingObjects (0ms)
		CreateAndSetChildDomain (1ms)
	RebuildCommonClasses (71ms)
	RebuildNativeTypeToScriptingClass (22ms)
	initialDomainReloadingComplete (89ms)
	LoadAllAssembliesAndSetupDomain (330ms)
		LoadAssemblies (134ms)
		RebuildTransferFunctionScriptingTraits (0ms)
		AnalyzeDomain (327ms)
			TypeCache.Refresh (323ms)
				TypeCache.ScanAssembly (295ms)
			ScanForSourceGeneratedMonoScriptInfo (1ms)
			ResolveRequiredComponents (1ms)
	FinalizeReload (563ms)
		ReleaseScriptCaches (0ms)
		RebuildScriptCaches (0ms)
		SetupLoadedEditorAssemblies (432ms)
			LogAssemblyErrors (0ms)
			InitializePlatformSupportModulesInManaged (19ms)
			SetLoadedEditorAssemblies (13ms)
			RefreshPlugins (0ms)
			BeforeProcessingInitializeOnLoad (5ms)
			ProcessInitializeOnLoadAttributes (313ms)
			ProcessInitializeOnLoadMethodAttributes (82ms)
			AfterProcessingInitializeOnLoad (0ms)
			EditorAssembliesLoaded (0ms)
		ExecutionOrderSort2 (0ms)
		AwakeInstancesAfterBackupRestoration (0ms)
========================================================================
Worker process is ready to serve import requests
Begin MonoManager ReloadAssembly
- Loaded All Assemblies, in  1.168 seconds
Refreshing native plugins compatible for Editor in 1.91 ms, found 2 plugins.
Native extension for OSXStandalone target not found
Native extension for WebGL target not found
Package Manager log level set to [2]
[Package Manager] Server::EnsureServerProcessIsRunning -- launch failed, reason: Unity was launched with the -noUpm command-line argument
[Package Manager] UpmClient::Send -- Unable to send message (not connected to UPM process).
[Package Manager] Cannot connect to Unity Package Manager local server
Mono: successfully reloaded assembly
- Finished resetting the current domain, in  1.184 seconds
Domain Reload Profiling: 2352ms
	BeginReloadAssembly (230ms)
		ExecutionOrderSort (0ms)
		DisableScriptedObjects (11ms)
		BackupInstance (0ms)
		ReleaseScriptingObjects (0ms)
		CreateAndSetChildDomain (52ms)
	RebuildCommonClasses (75ms)
	RebuildNativeTypeToScriptingClass (23ms)
	initialDomainReloadingComplete (71ms)
	LoadAllAssembliesAndSetupDomain (768ms)
		LoadAssemblies (459ms)
		RebuildTransferFunctionScriptingTraits (0ms)
		AnalyzeDomain (412ms)
			TypeCache.Refresh (361ms)
				TypeCache.ScanAssembly (334ms)
			ScanForSourceGeneratedMonoScriptInfo (34ms)
			ResolveRequiredComponents (12ms)
	FinalizeReload (1184ms)
		ReleaseScriptCaches (0ms)
		RebuildScriptCaches (0ms)
		SetupLoadedEditorAssemblies (877ms)
			LogAssemblyErrors (0ms)
			InitializePlatformSupportModulesInManaged (9ms)
			SetLoadedEditorAssemblies (7ms)
			RefreshPlugins (0ms)
			BeforeProcessingInitializeOnLoad (93ms)
			ProcessInitializeOnLoadAttributes (733ms)
			ProcessInitializeOnLoadMethodAttributes (34ms)
			AfterProcessingInitializeOnLoad (1ms)
			EditorAssembliesLoaded (0ms)
		ExecutionOrderSort2 (0ms)
		AwakeInstancesAfterBackupRestoration (7ms)
Launching external process: /Applications/Unity/Hub/Editor/2022.3.15f1/Unity.app/Contents/Tools/UnityShaderCompiler
Launched and connected shader compiler UnityShaderCompiler after 0.09 seconds
Refreshing native plugins compatible for Editor in 1.79 ms, found 2 plugins.
Preloading 0 native plugins for Editor in 0.00 ms.
Unloading 4063 Unused Serialized files (Serialized files now loaded: 0)
Unloading 60 unused Assets / (195.5 KB). Loaded Objects now: 4525.
Memory consumption went from 282.8 MB to 282.6 MB.
Total: 6.038603 ms (FindLiveObjects: 0.336341 ms CreateObjectMapping: 0.318494 ms MarkObjects: 5.135952 ms  DeleteObjects: 0.246495 ms)

AssetImportParameters requested are different than current active one (requested -> active):
  custom:container-demuxer-ogg: 62fdf1f143b41e24485cea50d1cbac27 -> 
  custom:video-decoder-ogg-theora: a1e56fd34408186e4bbccfd4996cb3dc -> 
  custom:CustomObjectIndexerAttribute: 43b350a4d6e6d1791af0b5038c4bea17 -> 
  custom:container-demuxer-webm: 4f35f7cbe854078d1ac9338744f61a02 -> 
  custom:container-muxer-webm: aa71ff27fc2769a1b78a27578f13a17b -> 
  custom:video-decoder-webm-vp8: 9c59270c3fd7afecdb556c50c9e8de78 -> 
  custom:SearchIndexIgnoredProperties: e643bd26f0fe6173181afceb89e7c659 -> 
  custom:AudioImporter_EditorPlatform: 3918e3fc78b5a79bad01e8451be0beb8 -> 
  custom:framework-osx-AVFoundation: e770b220cccbd017edd2c1fefb359320 -> 
  custom:video-encoder-webm-vp8: eb34c28f22e8b96e1ab97ce403110664 -> 
  custom:audio-decoder-ogg-vorbis: bf7c407c2cedff20999df2af8eb42d56 -> 
  custom:audio-encoder-webm-vorbis: bf7c407c2cedff20999df2af8eb42d56 -> 
========================================================================
Received Import Request.
  Time since last request: 31978.186489 seconds.
  path: Assets/ImportedKayKitAssets/KayKit Mini-Game Variety Pack 1.2/Models/dae/tileLow_teamRed.dae
  artifactKey: Guid(49c06652c2cf645f1acb75725db159ff) Importer(815301076,1909f56bfc062723c751e8b465ee728b)
Start importing Assets/ImportedKayKitAssets/KayKit Mini-Game Variety Pack 1.2/Models/dae/tileLow_teamRed.dae using Guid(49c06652c2cf645f1acb75725db159ff) Importer(815301076,1909f56bfc062723c751e8b465ee728b)  -> (artifact id: '54329ee9743838697e309f71fc15ac3f') in 0.290260 seconds
Number of updated asset objects reloaded before import = 0
Number of asset objects unloaded after import = 9
========================================================================
Received Import Request.
  Time since last request: 0.000176 seconds.
  path: Assets/ImportedKayKitAssets/KayKit Mini-Game Variety Pack 1.2/Models/dae/tileMedium_forest.dae
  artifactKey: Guid(64c4f6a988b5b4d04a8c9bde1c62f7df) Importer(815301076,1909f56bfc062723c751e8b465ee728b)
Start importing Assets/ImportedKayKitAssets/KayKit Mini-Game Variety Pack 1.2/Models/dae/tileMedium_forest.dae using Guid(64c4f6a988b5b4d04a8c9bde1c62f7df) Importer(815301076,1909f56bfc062723c751e8b465ee728b)  -> (artifact id: '5446c2d6ecb8a46559e428d254f38436') in 0.038959 seconds
Number of updated asset objects reloaded before import = 0
Number of asset objects unloaded after import = 9
========================================================================
Received Import Request.
  Time since last request: 0.000134 seconds.
  path: Assets/ImportedKayKitAssets/KayKit Mini-Game Variety Pack 1.2/Models/dae/tileSlopeLowMedium_forest.dae
  artifactKey: Guid(9d36f5a7cdadf4daab7b57ae839a6adb) Importer(815301076,1909f56bfc062723c751e8b465ee728b)
Start importing Assets/ImportedKayKitAssets/KayKit Mini-Game Variety Pack 1.2/Models/dae/tileSlopeLowMedium_forest.dae using Guid(9d36f5a7cdadf4daab7b57ae839a6adb) Importer(815301076,1909f56bfc062723c751e8b465ee728b)  -> (artifact id: 'b993fb4c5533556e6eab064277687486') in 0.044401 seconds
Number of updated asset objects reloaded before import = 0
Number of asset objects unloaded after import = 9
========================================================================
Received Import Request.
  Time since last request: 0.000091 seconds.
  path: Assets/ImportedKayKitAssets/KayKit Mini-Game Variety Pack 1.2/Models/dae/tileSlopeLowHigh_desert.dae
  artifactKey: Guid(1e707326020e34271b20b61c65877ee3) Importer(815301076,1909f56bfc062723c751e8b465ee728b)
Start importing Assets/ImportedKayKitAssets/KayKit Mini-Game Variety Pack 1.2/Models/dae/tileSlopeLowHigh_desert.dae using Guid(1e707326020e34271b20b61c65877ee3) Importer(815301076,1909f56bfc062723c751e8b465ee728b)  -> (artifact id: '4fcb7e4bb73938f8db03203b7bc0a274') in 0.041867 seconds
Number of updated asset objects reloaded before import = 0
Number of asset objects unloaded after import = 9
========================================================================
Received Import Request.
  Time since last request: 0.000072 seconds.
  path: Assets/ImportedKayKitAssets/KayKit Mini-Game Variety Pack 1.2/Models/dae/tileSmall_desert.dae
  artifactKey: Guid(e52cd6ddc8dc84b799d61f6e2f0ad35d) Importer(815301076,1909f56bfc062723c751e8b465ee728b)
Start importing Assets/ImportedKayKitAssets/KayKit Mini-Game Variety Pack 1.2/Models/dae/tileSmall_desert.dae using Guid(e52cd6ddc8dc84b799d61f6e2f0ad35d) Importer(815301076,1909f56bfc062723c751e8b465ee728b)  -> (artifact id: 'becc3a04135090cb2c7001ce51a2d5bb') in 0.044201 seconds
Number of updated asset objects reloaded before import = 0
Number of asset objects unloaded after import = 9
========================================================================
Received Import Request.
  Time since last request: 0.000096 seconds.
  path: Assets/ImportedKayKitAssets/KayKit Mini-Game Variety Pack 1.2/Models/dae/tree_forest.dae
  artifactKey: Guid(362092d6536e6486ab20ad432d19ad6a) Importer(815301076,1909f56bfc062723c751e8b465ee728b)
Start importing Assets/ImportedKayKitAssets/KayKit Mini-Game Variety Pack 1.2/Models/dae/tree_forest.dae using Guid(362092d6536e6486ab20ad432d19ad6a) Importer(815301076,1909f56bfc062723c751e8b465ee728b)  -> (artifact id: 'e1077dee50da12ed487231624d21d8b3') in 0.047378 seconds
Number of updated asset objects reloaded before import = 0
Number of asset objects unloaded after import = 9
========================================================================
Received Import Request.
  Time since last request: 18.450793 seconds.
  path: Assets/ImportedKayKitAssets/KayKit Mini-Game Variety Pack 1.2/Models/obj/detail_forest.obj
  artifactKey: Guid(574967a62a4c34095a8c3939a7c96d7d) Importer(815301076,1909f56bfc062723c751e8b465ee728b)
Start importing Assets/ImportedKayKitAssets/KayKit Mini-Game Variety Pack 1.2/Models/obj/detail_forest.obj using Guid(574967a62a4c34095a8c3939a7c96d7d) Importer(815301076,1909f56bfc062723c751e8b465ee728b)  -> (artifact id: '112e8c1d1830e5cd77b517b00b3c1af1') in 0.041273 seconds
Number of updated asset objects reloaded before import = 0
Number of asset objects unloaded after import = 11
========================================================================
Received Import Request.
  Time since last request: 0.000063 seconds.
  path: Assets/ImportedKayKitAssets/KayKit Mini-Game Variety Pack 1.2/Models/obj/diamond_teamBlue.obj
  artifactKey: Guid(6e3fd2a4ebb524393a55aa0ee6f4c1b6) Importer(815301076,1909f56bfc062723c751e8b465ee728b)
Start importing Assets/ImportedKayKitAssets/KayKit Mini-Game Variety Pack 1.2/Models/obj/diamond_teamBlue.obj using Guid(6e3fd2a4ebb524393a55aa0ee6f4c1b6) Importer(815301076,1909f56bfc062723c751e8b465ee728b)  -> (artifact id: '26a105f13dd8df25358b724ea5bc95ad') in 0.030352 seconds
Number of updated asset objects reloaded before import = 0
Number of asset objects unloaded after import = 10
========================================================================
Received Import Request.
  Time since last request: 0.005276 seconds.
  path: Assets/ImportedKayKitAssets/KayKit Mini-Game Variety Pack 1.2/Models/obj/flag_teamRed.obj
  artifactKey: Guid(c6e2bd53ffaf04cc1850c928f6b667fa) Importer(815301076,1909f56bfc062723c751e8b465ee728b)
Start importing Assets/ImportedKayKitAssets/KayKit Mini-Game Variety Pack 1.2/Models/obj/flag_teamRed.obj using Guid(c6e2bd53ffaf04cc1850c928f6b667fa) Importer(815301076,1909f56bfc062723c751e8b465ee728b)  -> (artifact id: '3e4d91ae971e7f2c66643a4c1da69806') in 0.055027 seconds
Number of updated asset objects reloaded before import = 0
Number of asset objects unloaded after import = 12
========================================================================
Received Import Request.
  Time since last request: 0.000072 seconds.
  path: Assets/ImportedKayKitAssets/KayKit Mini-Game Variety Pack 1.2/Models/obj/gateLarge_teamYellow.obj
  artifactKey: Guid(dadfa753fb47f443280b3e3d7b2bfddd) Importer(815301076,1909f56bfc062723c751e8b465ee728b)
Start importing Assets/ImportedKayKitAssets/KayKit Mini-Game Variety Pack 1.2/Models/obj/gateLarge_teamYellow.obj using Guid(dadfa753fb47f443280b3e3d7b2bfddd) Importer(815301076,1909f56bfc062723c751e8b465ee728b)  -> (artifact id: '2aeecc2a97f70b7675ba3fa3d747090f') in 0.038215 seconds
Number of updated asset objects reloaded before import = 0
Number of asset objects unloaded after import = 10
========================================================================
Received Import Request.
  Time since last request: 6.508331 seconds.
  path: Assets/ImportedKayKitAssets/KayKit Mini-Game Variety Pack 1.2/Models/obj/slingshot_teamRed.obj
  artifactKey: Guid(300eaed2621fe4ebf9e3addc375436e0) Importer(815301076,1909f56bfc062723c751e8b465ee728b)
Start importing Assets/ImportedKayKitAssets/KayKit Mini-Game Variety Pack 1.2/Models/obj/slingshot_teamRed.obj using Guid(300eaed2621fe4ebf9e3addc375436e0) Importer(815301076,1909f56bfc062723c751e8b465ee728b)  -> (artifact id: '96330b664aa8be0ae4a797c2fa3f5d15') in 0.048734 seconds
Number of updated asset objects reloaded before import = 0
Number of asset objects unloaded after import = 11
========================================================================
Received Import Request.
  Time since last request: 0.676636 seconds.
  path: Assets/ImportedKayKitAssets/KayKit Mini-Game Variety Pack 1.2/Models/obj/gateSmall_teamYellow.obj
  artifactKey: Guid(0780be0a06bd94114a58e8ec68ad2fb2) Importer(815301076,1909f56bfc062723c751e8b465ee728b)
Start importing Assets/ImportedKayKitAssets/KayKit Mini-Game Variety Pack 1.2/Models/obj/gateSmall_teamYellow.obj using Guid(0780be0a06bd94114a58e8ec68ad2fb2) Importer(815301076,1909f56bfc062723c751e8b465ee728b)  -> (artifact id: 'b31902a664478c6d41a507b5623a1f79') in 0.030997 seconds
Number of updated asset objects reloaded before import = 0
Number of asset objects unloaded after import = 10
========================================================================
Received Import Request.
  Time since last request: 0.135111 seconds.
  path: Assets/ImportedKayKitAssets/KayKit Mini-Game Variety Pack 1.2/Models/obj/gateLargeWide_teamYellow.obj
  artifactKey: Guid(8b3d0c8202d7d49c1bf636fb51f38d81) Importer(815301076,1909f56bfc062723c751e8b465ee728b)
Start importing Assets/ImportedKayKitAssets/KayKit Mini-Game Variety Pack 1.2/Models/obj/gateLargeWide_teamYellow.obj using Guid(8b3d0c8202d7d49c1bf636fb51f38d81) Importer(815301076,1909f56bfc062723c751e8b465ee728b)  -> (artifact id: 'f6c0d4be18f7d61eb72198da4455db92') in 0.028788 seconds
Number of updated asset objects reloaded before import = 0
Number of asset objects unloaded after import = 10
========================================================================
Received Import Request.
  Time since last request: 17.384674 seconds.
  path: Assets/ImportedKayKitAssets/KayKit Mini-Game Variety Pack 1.2/Models/obj/star.obj
  artifactKey: Guid(c2112ff299a1645068b66432e0790873) Importer(815301076,1909f56bfc062723c751e8b465ee728b)
Start importing Assets/ImportedKayKitAssets/KayKit Mini-Game Variety Pack 1.2/Models/obj/star.obj using Guid(c2112ff299a1645068b66432e0790873) Importer(815301076,1909f56bfc062723c751e8b465ee728b)  -> (artifact id: '53e99b2f696afcc6de7fd20b4d37d999') in 0.031563 seconds
Number of updated asset objects reloaded before import = 0
Number of asset objects unloaded after import = 10
========================================================================
Received Import Request.
  Time since last request: 0.000127 seconds.
  path: Assets/ImportedKayKitAssets/KayKit Mini-Game Variety Pack 1.2/Models/obj/swiper_teamBlue.obj
  artifactKey: Guid(7dc9c56477b8943dfb0e60fd1aa5f7c5) Importer(815301076,1909f56bfc062723c751e8b465ee728b)
Start importing Assets/ImportedKayKitAssets/KayKit Mini-Game Variety Pack 1.2/Models/obj/swiper_teamBlue.obj using Guid(7dc9c56477b8943dfb0e60fd1aa5f7c5) Importer(815301076,1909f56bfc062723c751e8b465ee728b)  -> (artifact id: '9ab806d5a787bd9ef39ca88d5f9ab84a') in 0.061358 seconds
Number of updated asset objects reloaded before import = 0
Number of asset objects unloaded after import = 13
========================================================================
Received Import Request.
  Time since last request: 0.759307 seconds.
  path: Assets/ImportedKayKitAssets/KayKit Mini-Game Variety Pack 1.2/Models/obj/swiperDouble_teamYellow.obj
  artifactKey: Guid(8c64fb75874e442fab5978628b9c88ee) Importer(815301076,1909f56bfc062723c751e8b465ee728b)
Start importing Assets/ImportedKayKitAssets/KayKit Mini-Game Variety Pack 1.2/Models/obj/swiperDouble_teamYellow.obj using Guid(8c64fb75874e442fab5978628b9c88ee) Importer(815301076,1909f56bfc062723c751e8b465ee728b)  -> (artifact id: '5cd2ea55f9217f444e3dff154e56061d') in 0.057077 seconds
Number of updated asset objects reloaded before import = 0
Number of asset objects unloaded after import = 13
========================================================================
Received Import Request.
  Time since last request: 0.000064 seconds.
  path: Assets/ImportedKayKitAssets/KayKit Mini-Game Variety Pack 1.2/Models/obj/swiperLong_teamRed.obj
  artifactKey: Guid(2fca6903986ca4fed8397537839da7e0) Importer(815301076,1909f56bfc062723c751e8b465ee728b)
Start importing Assets/ImportedKayKitAssets/KayKit Mini-Game Variety Pack 1.2/Models/obj/swiperLong_teamRed.obj using Guid(2fca6903986ca4fed8397537839da7e0) Importer(815301076,1909f56bfc062723c751e8b465ee728b)  -> (artifact id: '869ab4fb2d65cdb60e7a0fb769049903') in 0.059829 seconds
Number of updated asset objects reloaded before import = 0
Number of asset objects unloaded after import = 13
========================================================================
Received Import Request.
  Time since last request: 6.891456 seconds.
  path: Assets/ImportedKayKitAssets/KayKit Mini-Game Variety Pack 1.2/Models/obj/tileLow_teamRed.obj
  artifactKey: Guid(deb9e70aecc55409099e4bb8842fef29) Importer(815301076,1909f56bfc062723c751e8b465ee728b)
Start importing Assets/ImportedKayKitAssets/KayKit Mini-Game Variety Pack 1.2/Models/obj/tileLow_teamRed.obj using Guid(deb9e70aecc55409099e4bb8842fef29) Importer(815301076,1909f56bfc062723c751e8b465ee728b)  -> (artifact id: '93d7352e03ee0c5e94f628376700f551') in 0.044377 seconds
Number of updated asset objects reloaded before import = 0
Number of asset objects unloaded after import = 11
========================================================================
Received Import Request.
  Time since last request: 0.000625 seconds.
  path: Assets/ImportedKayKitAssets/KayKit Mini-Game Variety Pack 1.2/Models/obj/tileSlopeLowMedium_teamBlue.obj
  artifactKey: Guid(6e51a95b847fa42b6a3df40776a1bbbd) Importer(815301076,1909f56bfc062723c751e8b465ee728b)
Start importing Assets/ImportedKayKitAssets/KayKit Mini-Game Variety Pack 1.2/Models/obj/tileSlopeLowMedium_teamBlue.obj using Guid(6e51a95b847fa42b6a3df40776a1bbbd) Importer(815301076,1909f56bfc062723c751e8b465ee728b)  -> (artifact id: '678f26c4245d16185d8d08c67b0303fa') in 0.045861 seconds
Number of updated asset objects reloaded before import = 0
Number of asset objects unloaded after import = 11
========================================================================
Received Import Request.
  Time since last request: 0.000472 seconds.
  path: Assets/ImportedKayKitAssets/KayKit Mini-Game Variety Pack 1.2/Models/obj/tileMedium_teamYellow.obj
  artifactKey: Guid(fd2c4d3fc18584632901d11f6e22c085) Importer(815301076,1909f56bfc062723c751e8b465ee728b)
Start importing Assets/ImportedKayKitAssets/KayKit Mini-Game Variety Pack 1.2/Models/obj/tileMedium_teamYellow.obj using Guid(fd2c4d3fc18584632901d11f6e22c085) Importer(815301076,1909f56bfc062723c751e8b465ee728b)  -> (artifact id: '06323da9d8d3097b377a395bf920649c') in 0.036311 seconds
Number of updated asset objects reloaded before import = 0
Number of asset objects unloaded after import = 11
========================================================================
Received Import Request.
  Time since last request: 0.000088 seconds.
  path: Assets/ImportedKayKitAssets/KayKit Mini-Game Variety Pack 1.2/Models/obj/tileSlopeLowHigh_teamBlue.obj
  artifactKey: Guid(863d20e60f158443bbe209d8a517b4f8) Importer(815301076,1909f56bfc062723c751e8b465ee728b)
Start importing Assets/ImportedKayKitAssets/KayKit Mini-Game Variety Pack 1.2/Models/obj/tileSlopeLowHigh_teamBlue.obj using Guid(863d20e60f158443bbe209d8a517b4f8) Importer(815301076,1909f56bfc062723c751e8b465ee728b)  -> (artifact id: 'bd9d5abf7106cfa215f5f5d4d0335d2a') in 0.050216 seconds
Number of updated asset objects reloaded before import = 0
Number of asset objects unloaded after import = 11
========================================================================
Received Import Request.
  Time since last request: 0.000074 seconds.
  path: Assets/ImportedKayKitAssets/KayKit Mini-Game Variety Pack 1.2/Models/obj/tileSlopeLowMedium_teamYellow.obj
  artifactKey: Guid(69d032ffc794a4c1f9b029e7b1bc0b75) Importer(815301076,1909f56bfc062723c751e8b465ee728b)
Start importing Assets/ImportedKayKitAssets/KayKit Mini-Game Variety Pack 1.2/Models/obj/tileSlopeLowMedium_teamYellow.obj using Guid(69d032ffc794a4c1f9b029e7b1bc0b75) Importer(815301076,1909f56bfc062723c751e8b465ee728b)  -> (artifact id: 'dd2734bb9d97ce2e4ebe848720d540d2') in 0.048884 seconds
Number of updated asset objects reloaded before import = 0
Number of asset objects unloaded after import = 11
========================================================================
Received Import Request.
  Time since last request: 0.000058 seconds.
  path: Assets/ImportedKayKitAssets/KayKit Mini-Game Variety Pack 1.2/Models/obj/tileSlopeLowMedium._teamRed.obj
  artifactKey: Guid(e28276191d04e4219b4be81b8beb5c1e) Importer(815301076,1909f56bfc062723c751e8b465ee728b)
Start importing Assets/ImportedKayKitAssets/KayKit Mini-Game Variety Pack 1.2/Models/obj/tileSlopeLowMedium._teamRed.obj using Guid(e28276191d04e4219b4be81b8beb5c1e) Importer(815301076,1909f56bfc062723c751e8b465ee728b)  -> (artifact id: '07797954babd2ca047bdae09f8f5b6f9') in 0.055319 seconds
Number of updated asset objects reloaded before import = 0
Number of asset objects unloaded after import = 11
========================================================================
Received Import Request.
  Time since last request: 0.000089 seconds.
  path: Assets/ImportedKayKitAssets/KayKit Mini-Game Variety Pack 1.2/Models/obj/tileSlopeMediumHigh_teamRed.obj
  artifactKey: Guid(9a5822d93109945bf9449b9d00668cd7) Importer(815301076,1909f56bfc062723c751e8b465ee728b)
Start importing Assets/ImportedKayKitAssets/KayKit Mini-Game Variety Pack 1.2/Models/obj/tileSlopeMediumHigh_teamRed.obj using Guid(9a5822d93109945bf9449b9d00668cd7) Importer(815301076,1909f56bfc062723c751e8b465ee728b)  -> (artifact id: 'ce7ba422f7fa9e9641903601134f8508') in 1.687388 seconds
Number of updated asset objects reloaded before import = 0
Number of asset objects unloaded after import = 11
========================================================================
Received Import Request.
  Time since last request: 0.000056 seconds.
  path: Assets/ImportedKayKitAssets/KayKit Mini-Game Variety Pack 1.2/Models/obj/tileMedium_teamBlue.obj
  artifactKey: Guid(b81f5e28a1662458484fefbd5c501cde) Importer(815301076,1909f56bfc062723c751e8b465ee728b)
Start importing Assets/ImportedKayKitAssets/KayKit Mini-Game Variety Pack 1.2/Models/obj/tileMedium_teamBlue.obj using Guid(b81f5e28a1662458484fefbd5c501cde) Importer(815301076,1909f56bfc062723c751e8b465ee728b)  -> (artifact id: 'c4828a206670eb78345e06692bb80954') in 0.062937 seconds
Number of updated asset objects reloaded before import = 0
Number of asset objects unloaded after import = 11
========================================================================
Received Import Request.
  Time since last request: 0.000081 seconds.
  path: Assets/ImportedKayKitAssets/KayKit Mini-Game Variety Pack 1.2/Models/obj/targetStand.obj
  artifactKey: Guid(0c564beeb5582460db26899a48218c07) Importer(815301076,1909f56bfc062723c751e8b465ee728b)
Start importing Assets/ImportedKayKitAssets/KayKit Mini-Game Variety Pack 1.2/Models/obj/targetStand.obj using Guid(0c564beeb5582460db26899a48218c07) Importer(815301076,1909f56bfc062723c751e8b465ee728b)  -> (artifact id: '007dd65904924c30bfcb607ef573465d') in 0.063102 seconds
Number of updated asset objects reloaded before import = 0
Number of asset objects unloaded after import = 12
========================================================================
Received Import Request.
  Time since last request: 0.000104 seconds.
  path: Assets/ImportedKayKitAssets/KayKit Mini-Game Variety Pack 1.2/Models/obj/tileLarge_teamBlue.obj
  artifactKey: Guid(a53475e95baba43709b6031a487ec577) Importer(815301076,1909f56bfc062723c751e8b465ee728b)
Start importing Assets/ImportedKayKitAssets/KayKit Mini-Game Variety Pack 1.2/Models/obj/tileLarge_teamBlue.obj using Guid(a53475e95baba43709b6031a487ec577) Importer(815301076,1909f56bfc062723c751e8b465ee728b)  -> (artifact id: '2c85e47535de4449629d7a031daef1bb') in 0.064562 seconds
Number of updated asset objects reloaded before import = 0
Number of asset objects unloaded after import = 11
========================================================================
Received Import Request.
  Time since last request: 0.000063 seconds.
  path: Assets/ImportedKayKitAssets/KayKit Mini-Game Variety Pack 1.2/Models/obj/tileLarge_teamRed.obj
  artifactKey: Guid(feb94bc7da46043c38d5bae78010d145) Importer(815301076,1909f56bfc062723c751e8b465ee728b)
Start importing Assets/ImportedKayKitAssets/KayKit Mini-Game Variety Pack 1.2/Models/obj/tileLarge_teamRed.obj using Guid(feb94bc7da46043c38d5bae78010d145) Importer(815301076,1909f56bfc062723c751e8b465ee728b)  -> (artifact id: '677858d37ae584dfcbabd19b8f5f35bf') in 0.055867 seconds
Number of updated asset objects reloaded before import = 0
Number of asset objects unloaded after import = 11
========================================================================
Received Import Request.
  Time since last request: 0.000115 seconds.
  path: Assets/ImportedKayKitAssets/KayKit Mini-Game Variety Pack 1.2/Models/obj/tileLarge_teamYellow.obj
  artifactKey: Guid(08cb77e8315d34a9b87a1fba5d6bb028) Importer(815301076,1909f56bfc062723c751e8b465ee728b)
Start importing Assets/ImportedKayKitAssets/KayKit Mini-Game Variety Pack 1.2/Models/obj/tileLarge_teamYellow.obj using Guid(08cb77e8315d34a9b87a1fba5d6bb028) Importer(815301076,1909f56bfc062723c751e8b465ee728b)  -> (artifact id: 'affc37c3f9d0ef5d6f1053ba4b9ccebb') in 0.048315 seconds
Number of updated asset objects reloaded before import = 0
Number of asset objects unloaded after import = 11
========================================================================
Received Import Request.
  Time since last request: 0.512156 seconds.
  path: Assets/ImportedKayKitAssets/KayKit Mini-Game Variety Pack 1.2/Models/obj/sword_teamYellow.obj
  artifactKey: Guid(4e9c519733f6446d9939db38d46eed79) Importer(815301076,1909f56bfc062723c751e8b465ee728b)
Start importing Assets/ImportedKayKitAssets/KayKit Mini-Game Variety Pack 1.2/Models/obj/sword_teamYellow.obj using Guid(4e9c519733f6446d9939db38d46eed79) Importer(815301076,1909f56bfc062723c751e8b465ee728b)  -> (artifact id: '3d7c4ecbfdacb7ddbbba639c6ee8b11b') in 0.039366 seconds
Number of updated asset objects reloaded before import = 0
Number of asset objects unloaded after import = 11
========================================================================
Received Import Request.
  Time since last request: 4.639405 seconds.
  path: Assets/ImportedKayKitAssets/KayKit Mini-Game Variety Pack 1.2/Models/obj/tileSmall_teamBlue.obj
  artifactKey: Guid(d6e4b679a6f314844961cc7ab9d546fc) Importer(815301076,1909f56bfc062723c751e8b465ee728b)
Start importing Assets/ImportedKayKitAssets/KayKit Mini-Game Variety Pack 1.2/Models/obj/tileSmall_teamBlue.obj using Guid(d6e4b679a6f314844961cc7ab9d546fc) Importer(815301076,1909f56bfc062723c751e8b465ee728b)  -> (artifact id: '29a8e5a7370089dccbf3cc7ad9acb3b5') in 0.047480 seconds
Number of updated asset objects reloaded before import = 0
Number of asset objects unloaded after import = 11
========================================================================
Received Import Request.
  Time since last request: 0.000078 seconds.
  path: Assets/ImportedKayKitAssets/KayKit Mini-Game Variety Pack 1.2/Models/obj/tileSmall_teamYellow.obj
  artifactKey: Guid(730a9052837ba4d02941df4dc00b7617) Importer(815301076,1909f56bfc062723c751e8b465ee728b)
Start importing Assets/ImportedKayKitAssets/KayKit Mini-Game Variety Pack 1.2/Models/obj/tileSmall_teamYellow.obj using Guid(730a9052837ba4d02941df4dc00b7617) Importer(815301076,1909f56bfc062723c751e8b465ee728b)  -> (artifact id: '6e900f1d48f6cb791bbf60c9b8b3c551') in 0.043493 seconds
Number of updated asset objects reloaded before import = 0
Number of asset objects unloaded after import = 11
Editor requested this worker to shutdown with reason: Scaling down because of idle timeout
TcpMessagingSession - receive error: operation aborted. errorcode: 89, details: Operation aborted.
AssetImportWorker is now disconnected from the server
Process exiting
